Dear All, 
This is Check SVN report. 
Please known it, Thanks! 

------------------------------------------------------------------------
r64 | charles | 2014-07-25 13:51:26 +0800 (÷‹ŒÂ, 25 ∆ﬂ‘¬ 2014) | 4 lines
Changed paths:
   M /NEW_UI/UITEST_dll4.0/Android Test Client/Dream/Android Test Client.ini

remove uninstall_TM.bat

TPCN:TED1407028 
PIC:JIAGUO
------------------------------------------------------------------------
Index: E:/MainServer/Dream_PCBA/NEW_UI/UITEST_dll4.0/Android Test Client/Dream/Android Test Client.ini
===================================================================
--- E:/MainServer/Dream_PCBA/NEW_UI/UITEST_dll4.0/Android Test Client/Dream/Android Test Client.ini	(revision 63)
+++ E:/MainServer/Dream_PCBA/NEW_UI/UITEST_dll4.0/Android Test Client/Dream/Android Test Client.ini	(revision 64)
@@ -7,7 +7,7 @@
 Station=B_MMI1,B_MMI2,B_MMI3,B_MMI_ioboard,B_MMI_earphone
 AllItems=WriteISN,Check_ISN,Check_OS_version,B_DL,ADB_auto,Check_auto,MRB_Test,NFC_Test,Check_emmc,uninstall,uninstall_TM,GSensor_Test,Camera_Test,left_speaker,right_speaker,SD_Test,Read_BT,Read_WIFI,ADB_init,B_MMITEST,B_MMIresult,programUpdate,ADB_init_ioboard,B_MMITEST_ioboard,B_MMIresult_ioboard,ADB_init_earphone,B_MMITEST_earphone,B_MMIresult_earphone,Read_UUID,Check_RAM_size
 StopItems=WriteISN,Check_ISN,Check_OS_version,B_DL,ADB_auto,Check_auto,MRB_Test,NFC_Test,Check_emmc,uninstall,uninstall_TM,GSensor_Test,Camera_Test,left_speaker,right_speaker,SD_Test,Read_BT,Read_WIFI,ADB_init,B_MMITEST,B_MMIresult,programUpdate,ADB_init_ioboard,B_MMITEST_ioboard,B_MMIresult_ioboard,ADB_init_earphone,B_MMITEST_earphone,B_MMIresult_earphone,Read_UUID,Check_RAM_size
-B_MMI1=programUpdate,ADB_auto,Check_emmc,Check_RAM_size,Read_WIFI,WriteISN,Check_OS_version,Read_UUID,Check_auto,uninstall_TM
+B_MMI1=programUpdate,ADB_auto,Check_emmc,Check_RAM_size,Read_WIFI,WriteISN,Check_OS_version,Read_UUID,Check_auto
 B_MMI2=programUpdate,ADB_init,Check_OS_version,Check_ISN,Read_BT,left_speaker,right_speaker,B_MMITEST,B_MMIresult
 B_MMI3=programUpdate,ADB_init,Check_OS_version,Check_ISN,Read_BT,B_MMITEST,B_MMIresult,uninstall
 B_MMI_ioboard=programUpdate,ADB_init_ioboard,B_MMITEST_ioboard,B_MMIresult_ioboard

Best Regards!
==========WKS Plant 5C============
WKS Plant 5C/MEZ920/TE 
Charles Miao(2948)
Tel: 687824 
E-Mail: Charles Miao/WKS/Wistron
Wistron InfoComm (Kunshan) Co. Ltd.
================================= 
