Pass on E:\A80_LOG2013-02-23 send to server 
Mon 02/25/2013  9:40:03.28 Pass on E:\A80_LOG2013-02-24 send to server 
Tue 02/26/2013  9:40:12.13 Pass on E:\A80_LOG2013-02-25 send to server 
Tue 02/26/2013 10:10:28.58 Pass on E:\A80_LOG2013-02-25 send to server 
Thu 02/28/2013  9:40:22.75 Pass on E:\A80_LOG2013-02-27 send to server 
Fri 03/01/2013  9:40:23.92 Pass on E:\A80_LOG2013-02-28 send to server 
Sat 03/02/2013  9:40:07.89 Pass on E:\A80_LOG2013-03-01 send to server 
Sun 03/03/2013  9:40:05.32 Pass on E:\A80_LOG2013-03-02 send to server 
Mon 03/04/2013  9:40:03.65 Pass on E:\A80_LOG2013-03-03 send to server 
Tue 03/05/2013  9:40:05.13 Pass on E:\A80_LOG2013-03-04 send to server 
Wed 03/06/2013  9:40:23.25 Pass on E:\A80_LOG2013-03-05 send to server 
Thu 03/07/2013  9:40:20.50 Pass on E:\A80_LOG2013-03-06 send to server 
Fri 03/08/2013  9:40:53.34 Pass on E:\A80_LOG2013-03-07 send to server 
Sat 03/09/2013  9:41:22.42 Pass on E:\A80_LOG2013-03-08 send to server 
Sat 03/09/2013 17:32:32.62 Pass on E:\A80_LOG2013-03-08 send to server 
Sat 03/09/2013 17:38:50.87 Pass on E:\A80_LOG2013-03-08 send to server 
Sun 03/10/2013  9:40:39.71 Pass on E:\A80_LOG2013-03-09 send to server 
Mon 03/11/2013  9:40:23.89 Pass on E:\A80_LOG2013-03-10 send to server 
Tue 03/12/2013  9:40:27.89 Pass on E:\A80_LOG2013-03-11 send to server 
Wed 03/13/2013  9:40:48.16 Pass on E:\A80_LOG2013-03-12 send to server 
Thu 03/14/2013  9:40:27.27 Pass on E:\A80_LOG2013-03-13 send to server 
Fri 03/15/2013  9:40:56.63 Pass on E:\A80_LOG2013-03-14 send to server 
Fri 03/15/2013  9:41:06.65 Pass on E:\P05_LOG2013-03-14 send to server 
Sat 03/16/2013  4:40:24.82 Pass on E:\A80_LOG2013-03-15 send to server 
Sat 03/16/2013  4:40:39.00 Pass on E:\P05_LOG2013-03-15 send to server 
Sun 03/17/2013  4:40:16.84 Pass on E:\A80_LOG2013-03-16 send to server 
Sun 03/17/2013  4:40:24.98 Pass on E:\P05_LOG2013-03-16 send to server 
Mon 03/18/2013  4:40:38.35 Pass on E:\A80_LOG2013-03-17 send to server 
Tue 03/19/2013  4:41:41.91 Pass on E:\A80_LOG2013-03-18 send to server 
Tue 03/19/2013  4:41:44.59 Pass on E:\P05_LOG2013-03-18 send to server 
Wed 03/20/2013  4:42:54.93 Pass on E:\A80_LOG2013-03-19 send to server 
Wed 03/20/2013  4:43:02.71 Pass on E:\ME302KL_LOG2013-03-19 send to server 
Wed 03/20/2013  4:43:17.57 Pass on E:\P05_LOG2013-03-19 send to server 
Thu 03/21/2013  4:42:48.42 Pass on E:\A80_LOG2013-03-20 send to server 
Thu 03/21/2013  4:43:13.93 Pass on E:\ME302KL_LOG2013-03-20 send to server 
Thu 03/21/2013  4:44:55.06 Pass on E:\P05_LOG2013-03-20 send to server 
Fri 03/22/2013  4:43:34.27 Pass on E:\A80_LOG2013-03-21 send to server 
Fri 03/22/2013  4:44:47.33 Pass on E:\ME302KL_LOG2013-03-21 send to server 
Fri 03/22/2013  4:46:43.38 Pass on E:\P05_LOG2013-03-21 send to server 
Sat 03/23/2013  4:40:42.81 Pass on E:\A80_LOG2013-03-22 send to server 
Sat 03/23/2013  4:41:18.96 Pass on E:\ME302KL_LOG2013-03-22 send to server 
Sat 03/23/2013  4:41:55.12 Pass on E:\P05_LOG2013-03-22 send to server 
Sun 03/24/2013  4:43:23.69 Pass on E:\A80_LOG2013-03-23 send to server 
Sun 03/24/2013  4:44:06.34 Pass on E:\ME302KL_LOG2013-03-23 send to server 
Sun 03/24/2013  4:44:08.78 Pass on E:\P05_LOG2013-03-23 send to server 
Mon 03/25/2013  4:44:30.91 Pass on E:\A80_LOG2013-03-24 send to server 
Mon 03/25/2013  4:45:23.28 Pass on E:\ME302KL_LOG2013-03-24 send to server 
Tue 03/26/2013  4:41:20.49 Pass on E:\A80_LOG2013-03-25 send to server 
Tue 03/26/2013  4:42:32.53 Pass on E:\ME302KL_LOG2013-03-25 send to server 
Tue 03/26/2013  4:42:54.05 Pass on E:\P05_LOG2013-03-25 send to server 
Wed 03/27/2013  4:45:41.68 Pass on E:\A80_LOG2013-03-26 send to server 
Wed 03/27/2013  4:47:12.39 Pass on E:\ME302KL_LOG2013-03-26 send to server 
Wed 03/27/2013  4:47:36.00 Pass on E:\P05_LOG2013-03-26 send to server 
Thu 03/28/2013  4:51:58.86 Pass on E:\A80_LOG2013-03-27 send to server 
Thu 03/28/2013  4:52:51.49 Pass on E:\ME302KL_LOG2013-03-27 send to server 
Thu 03/28/2013  4:55:16.49 Pass on E:\P05_LOG2013-03-27 send to server 
Fri 03/29/2013 13:22:07.95 Pass on E:\A80_LOG2013-03-28 send to server 
Fri 03/29/2013 13:22:32.64 Pass on E:\ME302KL_LOG2013-03-28 send to server 
Fri 03/29/2013 13:42:54.62 Pass on E:\P05_LOG2013-03-28 send to server 
Fri 03/29/2013 13:45:20.98 Pass on E:\P05_LOG2013-03-28 send to server 
Sat 03/30/2013  4:45:23.03 Pass on E:\A80_LOG2013-03-29 send to server 
Sat 03/30/2013  4:45:25.47 Pass on E:\ME302KL_LOG2013-03-29 send to server 
Sat 03/30/2013  4:47:08.41 Pass on E:\P05_LOG2013-03-29 send to server 
Sun 03/31/2013  4:43:01.19 Pass on E:\A80_LOG2013-03-30 send to server 
Sun 03/31/2013  4:43:40.38 Pass on E:\P05_LOG2013-03-30 send to server 
Mon 04/01/2013  4:44:22.66 Pass on E:\A80_LOG2013-03-31 send to server 
Mon 04/01/2013  4:45:03.50 Pass on E:\P05_LOG2013-03-31 send to server 
Tue 04/02/2013  4:43:44.43 Pass on E:\A80_LOG2013-04-01 send to server 
Tue 04/02/2013  4:43:50.99 Pass on E:\ME302KL_LOG2013-04-01 send to server 
Tue 04/02/2013  4:44:04.96 Pass on E:\P05_LOG2013-04-01 send to server 
Wed 04/03/2013  4:44:05.60 Pass on E:\A80_LOG2013-04-02 send to server 
Wed 04/03/2013  4:44:07.68 Pass on E:\ME302KL_LOG2013-04-02 send to server 
Wed 04/03/2013  4:44:12.92 Pass on E:\P05_LOG2013-04-02 send to server 
Thu 04/04/2013  4:44:48.58 Pass on E:\A80_LOG2013-04-03 send to server 
Thu 04/04/2013  4:44:52.35 Pass on E:\P05_LOG2013-04-03 send to server 
Sat 04/06/2013  4:41:30.69 Pass on E:\A80_LOG2013-04-05 send to server 
Sun 04/07/2013  4:42:08.79 Pass on E:\A80_LOG2013-04-06 send to server 
Mon 04/08/2013  4:43:47.10 Pass on E:\A80_LOG2013-04-07 send to server 
Mon 04/08/2013 11:52:17.52 Pass on E:\A80_LOG2013-04-06 send to server 
Tue 04/09/2013  4:41:18.04 Pass on E:\ME302KL_LOG2013-04-08 send to server 
Tue 04/09/2013  4:41:20.85 Pass on E:\P05_LOG2013-04-08 send to server 
Wed 04/10/2013  4:40:27.23 Pass on E:\A80_LOG2013-04-09 send to server 
Wed 04/10/2013  9:07:38.60 Pass on E:\ME302KL_LOG2013-04-09 send to server 
Wed 04/10/2013  9:08:13.96 Pass on E:\P05_LOG2013-04-09 send to server 
Thu 04/11/2013  4:47:57.02 Pass on E:\A80_LOG2013-04-10 send to server 
Thu 04/11/2013  4:47:57.42 Pass on E:\ME302KL_LOG2013-04-10 send to server 
Thu 04/11/2013  8:59:44.22 Pass on E:\P05_LOG2013-04-10 send to server 
Fri 04/12/2013  4:53:44.23 Pass on E:\A80_LOG2013-04-11 send to server 
Fri 04/12/2013  4:53:44.62 Pass on E:\ME302KL_LOG2013-04-11 send to server 
Fri 04/12/2013  9:49:24.34 Pass on E:\P05_LOG2013-04-11 send to server 
Sat 04/13/2013 17:31:47.35 Pass on E:\A80_LOG2013-04-12 send to server 
Sat 04/13/2013 17:31:47.79 Pass on E:\ME302KL_LOG2013-04-12 send to server 
Sat 04/13/2013 17:34:49.38 Pass on E:\P05_LOG2013-04-12 send to server 
Sun 04/14/2013  4:50:09.93 Pass on E:\A80_LOG2013-04-13 send to server 
Sun 04/14/2013  4:50:10.32 Pass on E:\ME302KL_LOG2013-04-13 send to server 
Sun 04/14/2013  4:51:37.77 Pass on E:\P05_LOG2013-04-13 send to server 
Mon 04/15/2013  4:45:28.63 Pass on E:\A80_LOG2013-04-14 send to server 
Mon 04/15/2013  4:45:29.05 Pass on E:\ME302KL_LOG2013-04-14 send to server 
Mon 04/15/2013  4:46:01.32 Pass on E:\P05_LOG2013-04-14 send to server 
Tue 04/16/2013  4:45:34.01 Pass on E:\A80_LOG2013-04-15 send to server 
Tue 04/16/2013  4:45:34.89 Pass on E:\ME302KL_LOG2013-04-15 send to server 
Tue 04/16/2013  4:45:59.86 Pass on E:\P05_LOG2013-04-15 send to server 
Wed 04/17/2013  4:46:14.69 Pass on E:\A80_LOG2013-04-16 send to server 
Wed 04/17/2013  4:46:18.10 Pass on E:\ME302KL_LOG2013-04-16 send to server 
Wed 04/17/2013  4:47:55.35 Pass on E:\P05_LOG2013-04-16 send to server 
Thu 04/18/2013  4:44:00.54 Pass on E:\A80_LOG2013-04-17 send to server 
Thu 04/18/2013  4:44:02.13 Pass on E:\ME302KL_LOG2013-04-17 send to server 
Thu 04/18/2013  4:44:52.18 Pass on E:\P05_LOG2013-04-17 send to server 
Fri 04/19/2013  6:41:43.96 Pass on E:\A80_LOG2013-04-18 send to server 
Fri 04/19/2013  6:41:44.37 Pass on E:\ME302KL_LOG2013-04-18 send to server 
Fri 04/19/2013  6:42:27.32 Pass on E:\P05_LOG2013-04-18 send to server 
Sat 04/20/2013  4:46:18.18 Pass on E:\A80_LOG2013-04-19 send to server 
Sat 04/20/2013  4:46:18.59 Pass on E:\ME302KL_LOG2013-04-19 send to server 
Sat 04/20/2013  4:49:02.21 Pass on E:\P05_LOG2013-04-19 send to server 
Sun 04/21/2013  4:50:18.00 Pass on E:\A80_LOG2013-04-20 send to server 
Sun 04/21/2013  4:50:18.41 Pass on E:\ME302KL_LOG2013-04-20 send to server 
Sun 04/21/2013  4:53:34.70 Pass on E:\P05_LOG2013-04-20 send to server 
Mon 04/22/2013  4:50:19.85 Pass on E:\A80_LOG2013-04-21 send to server 
Mon 04/22/2013  4:50:20.27 Pass on E:\ME302KL_LOG2013-04-21 send to server 
Mon 04/22/2013  4:50:35.90 Pass on E:\P05_LOG2013-04-21 send to server 
Tue 04/23/2013  4:51:29.50 Pass on E:\A80_LOG2013-04-22 send to server 
Tue 04/23/2013  4:51:29.92 Pass on E:\ME302KL_LOG2013-04-22 send to server 
Tue 04/23/2013  4:52:49.33 Pass on E:\P05_LOG2013-04-22 send to server 
Tue 04/23/2013  4:53:55.14 Pass on E:\ME302C_LOG2013-04-22 send to server 
Wed 04/24/2013  4:57:23.34 Pass on E:\A80_LOG2013-04-23 send to server 
Wed 04/24/2013  4:57:24.47 Pass on E:\ME302KL_LOG2013-04-23 send to server 
Wed 04/24/2013  4:59:48.47 Pass on E:\P05_LOG2013-04-23 send to server 
Wed 04/24/2013  5:00:09.47 Pass on E:\ME302C_LOG2013-04-23 send to server 
Thu 04/25/2013  4:50:25.34 Pass on E:\A80_LOG2013-04-24 send to server 
Thu 04/25/2013  4:50:56.86 Pass on E:\ME302KL_LOG2013-04-24 send to server 
Thu 04/25/2013  4:51:42.97 Pass on E:\P05_LOG2013-04-24 send to server 
Thu 04/25/2013  4:51:55.94 Pass on E:\ME302C_LOG2013-04-24 send to server 
Fri 04/26/2013  4:51:15.81 Pass on E:\A80_LOG2013-04-25 send to server 
Fri 04/26/2013  4:52:17.72 Pass on E:\ME302KL_LOG2013-04-25 send to server 
Fri 04/26/2013  6:40:24.48 Pass on E:\P05_LOG2013-04-25 send to server 
Fri 04/26/2013  6:40:31.78 Pass on E:\ME302C_LOG2013-04-25 send to server 
Sat 04/27/2013  4:54:40.20 Pass on E:\A80_LOG2013-04-26 send to server 
Sat 04/27/2013  4:57:01.59 Pass on E:\ME302KL_LOG2013-04-26 send to server 
Sat 04/27/2013  5:00:22.81 Pass on E:\P05_LOG2013-04-26 send to server 
Sat 04/27/2013  5:00:23.21 Pass on E:\ME302C_LOG2013-04-26 send to server 
Sun 04/28/2013  4:55:47.24 Pass on E:\A80_LOG2013-04-27 send to server 
Sun 04/28/2013  4:56:21.94 Pass on E:\ME302KL_LOG2013-04-27 send to server 
Sun 04/28/2013  4:59:36.21 Pass on E:\P05_LOG2013-04-27 send to server 
Sun 04/28/2013  4:59:40.46 Pass on E:\ME302C_LOG2013-04-27 send to server 
Mon 04/29/2013  4:56:44.68 Pass on E:\A80_LOG2013-04-28 send to server 
Mon 04/29/2013  4:58:20.90 Pass on E:\ME302KL_LOG2013-04-28 send to server 
Mon 04/29/2013  4:59:13.73 Pass on E:\P05_LOG2013-04-28 send to server 
Mon 04/29/2013  4:59:15.11 Pass on E:\ME302C_LOG2013-04-28 send to server 
Tue 04/30/2013  4:55:52.56 Pass on E:\A80_LOG2013-04-29 send to server 
Tue 04/30/2013  4:56:49.45 Pass on E:\ME302KL_LOG2013-04-29 send to server 
Tue 04/30/2013  4:58:36.36 Pass on E:\P05_LOG2013-04-29 send to server 
Tue 04/30/2013  4:58:36.97 Pass on E:\ME302C_LOG2013-04-29 send to server 
Wed 05/01/2013  4:54:34.58 Pass on E:\A80_LOG2013-04-30 send to server 
Wed 05/01/2013  4:55:01.72 Pass on E:\ME302KL_LOG2013-04-30 send to server 
Wed 05/01/2013  4:58:15.50 Pass on E:\P05_LOG2013-04-30 send to server 
Wed 05/01/2013  4:58:20.99 Pass on E:\ME302C_LOG2013-04-30 send to server 
Thu 05/02/2013  4:42:29.34 Pass on E:\A80_LOG2013-05-01 send to server 
Thu 05/02/2013  4:42:29.98 Pass on E:\ME302KL_LOG2013-05-01 send to server 
Thu 05/02/2013  4:42:33.59 Pass on E:\P05_LOG2013-05-01 send to server 
Thu 05/02/2013  4:42:34.20 Pass on E:\ME302C_LOG2013-05-01 send to server 
Fri 05/03/2013  4:50:07.09 Pass on E:\A80_LOG2013-05-02 send to server 
Fri 05/03/2013  4:50:11.46 Pass on E:\ME302KL_LOG2013-05-02 send to server 
Fri 05/03/2013  4:50:50.12 Pass on E:\P05_LOG2013-05-02 send to server 
Fri 05/03/2013  4:50:50.73 Pass on E:\ME302C_LOG2013-05-02 send to server 
Sat 05/04/2013  4:54:27.68 Pass on E:\A80_LOG2013-05-03 send to server 
Sat 05/04/2013  4:54:44.03 Pass on E:\ME302KL_LOG2013-05-03 send to server 
Sat 05/04/2013  4:55:52.01 Pass on E:\P05_LOG2013-05-03 send to server 
Sat 05/04/2013  4:55:52.89 Pass on E:\ME302C_LOG2013-05-03 send to server 
Sun 05/05/2013  4:47:23.85 Pass on E:\A80_LOG2013-05-04 send to server 
Sun 05/05/2013  4:47:24.46 Pass on E:\ME302KL_LOG2013-05-04 send to server 
Sun 05/05/2013  4:47:37.59 Pass on E:\P05_LOG2013-05-04 send to server 
Sun 05/05/2013  4:47:38.20 Pass on E:\ME302C_LOG2013-05-04 send to server 
Mon 05/06/2013  4:43:49.04 Pass on E:\A80_LOG2013-05-05 send to server 
Mon 05/06/2013  4:43:49.65 Pass on E:\ME302KL_LOG2013-05-05 send to server 
Mon 05/06/2013  4:43:50.24 Pass on E:\P05_LOG2013-05-05 send to server 
Mon 05/06/2013  4:43:50.85 Pass on E:\ME302C_LOG2013-05-05 send to server 
Tue 05/07/2013  4:46:06.33 Pass on E:\A80_LOG2013-05-06 send to server 
Tue 05/07/2013  4:46:16.34 Pass on E:\ME302KL_LOG2013-05-06 send to server 
Tue 05/07/2013  4:46:40.83 Pass on E:\P05_LOG2013-05-06 send to server 
Tue 05/07/2013  4:46:41.44 Pass on E:\ME302C_LOG2013-05-06 send to server 
Wed 05/08/2013  4:44:04.08 Pass on E:\A80_LOG2013-05-07 send to server 
Wed 05/08/2013  4:44:04.75 Pass on E:\ME302KL_LOG2013-05-07 send to server 
Wed 05/08/2013  4:44:23.16 Pass on E:\P05_LOG2013-05-07 send to server 
Wed 05/08/2013  4:44:23.81 Pass on E:\ME302C_LOG2013-05-07 send to server 
Thu 05/09/2013  4:43:04.81 Pass on E:\A80_LOG2013-05-08 send to server 
Thu 05/09/2013  4:43:05.50 Pass on E:\ME302KL_LOG2013-05-08 send to server 
Thu 05/09/2013  4:43:25.00 Pass on E:\P05_LOG2013-05-08 send to server 
Thu 05/09/2013  4:43:25.68 Pass on E:\ME302C_LOG2013-05-08 send to server 
Fri 05/10/2013  4:45:47.51 Pass on E:\A80_LOG2013-05-09 send to server 
Fri 05/10/2013  4:45:48.15 Pass on E:\ME302KL_LOG2013-05-09 send to server 
Fri 05/10/2013  4:46:54.27 Pass on E:\P05_LOG2013-05-09 send to server 
Fri 05/10/2013  4:46:54.90 Pass on E:\ME302C_LOG2013-05-09 send to server 
Sat 05/11/2013  4:45:45.24 Pass on E:\A80_LOG2013-05-10 send to server 
Sat 05/11/2013  4:45:45.92 Pass on E:\ME302KL_LOG2013-05-10 send to server 
Sat 05/11/2013  4:46:38.20 Pass on E:\P05_LOG2013-05-10 send to server 
Sat 05/11/2013  4:46:38.81 Pass on E:\ME302C_LOG2013-05-10 send to server 
Sun 05/12/2013  4:42:21.00 Pass on E:\A80_LOG2013-05-11 send to server 
Sun 05/12/2013  4:42:21.69 Pass on E:\ME302KL_LOG2013-05-11 send to server 
Sun 05/12/2013  4:43:15.08 Pass on E:\P05_LOG2013-05-11 send to server 
Sun 05/12/2013  4:43:15.75 Pass on E:\ME302C_LOG2013-05-11 send to server 
Mon 05/13/2013  4:40:34.25 Pass on E:\A80_LOG2013-05-12 send to server 
Mon 05/13/2013  4:40:34.92 Pass on E:\ME302KL_LOG2013-05-12 send to server 
Mon 05/13/2013  4:40:46.53 Pass on E:\P05_LOG2013-05-12 send to server 
Mon 05/13/2013  4:40:47.17 Pass on E:\ME302C_LOG2013-05-12 send to server 
Tue 05/14/2013  4:42:29.30 Pass on E:\A80_LOG2013-05-13 send to server 
Tue 05/14/2013  4:42:29.98 Pass on E:\ME302KL_LOG2013-05-13 send to server 
Tue 05/14/2013  4:42:48.83 Pass on E:\P05_LOG2013-05-13 send to server 
Tue 05/14/2013  4:42:49.49 Pass on E:\ME302C_LOG2013-05-13 send to server 
Wed 05/15/2013  4:45:37.26 Pass on E:\A80_LOG2013-05-14 send to server 
Wed 05/15/2013  4:45:37.97 Pass on E:\ME302KL_LOG2013-05-14 send to server 
Wed 05/15/2013  4:46:04.08 Pass on E:\P05_LOG2013-05-14 send to server 
Wed 05/15/2013  4:46:04.75 Pass on E:\ME302C_LOG2013-05-14 send to server 
Thu 05/16/2013  4:42:19.31 Pass on E:\A80_LOG2013-05-15 send to server 
Thu 05/16/2013  4:42:19.91 Pass on E:\ME302KL_LOG2013-05-15 send to server 
Thu 05/16/2013  4:42:53.81 Pass on E:\P05_LOG2013-05-15 send to server 
Thu 05/16/2013  4:42:54.41 Pass on E:\ME302C_LOG2013-05-15 send to server 
Fri 05/17/2013  4:42:16.76 Pass on E:\A80_LOG2013-05-16 send to server 
Fri 05/17/2013  4:42:17.38 Pass on E:\ME302KL_LOG2013-05-16 send to server 
Fri 05/17/2013  4:42:46.74 Pass on E:\P05_LOG2013-05-16 send to server 
Fri 05/17/2013  4:42:47.38 Pass on E:\ME302C_LOG2013-05-16 send to server 
Sat 05/18/2013  4:44:43.04 Pass on E:\A80_LOG2013-05-17 send to server 
Sat 05/18/2013  4:44:43.75 Pass on E:\ME302KL_LOG2013-05-17 send to server 
Sat 05/18/2013  4:45:16.75 Pass on E:\P05_LOG2013-05-17 send to server 
Sat 05/18/2013  4:45:17.39 Pass on E:\ME302C_LOG2013-05-17 send to server 
Sun 05/19/2013  4:42:21.89 Pass on E:\A80_LOG2013-05-18 send to server 
Sun 05/19/2013  4:42:22.49 Pass on E:\ME302KL_LOG2013-05-18 send to server 
Sun 05/19/2013  4:42:33.75 Pass on E:\P05_LOG2013-05-18 send to server 
Sun 05/19/2013  4:42:34.38 Pass on E:\ME302C_LOG2013-05-18 send to server 
Mon 05/20/2013  4:40:27.38 Pass on E:\A80_LOG2013-05-19 send to server 
Mon 05/20/2013  4:40:27.99 Pass on E:\ME302KL_LOG2013-05-19 send to server 
Mon 05/20/2013  4:40:28.59 Pass on E:\P05_LOG2013-05-19 send to server 
Mon 05/20/2013  4:40:29.17 Pass on E:\ME302C_LOG2013-05-19 send to server 
Tue 05/21/2013  4:52:42.55 Pass on E:\A80_LOG2013-05-20 send to server 
Tue 05/21/2013  4:52:45.21 Pass on E:\ME302KL_LOG2013-05-20 send to server 
Tue 05/21/2013  4:53:41.72 Pass on E:\P05_LOG2013-05-20 send to server 
Tue 05/21/2013  4:53:45.41 Pass on E:\ME302C_LOG2013-05-20 send to server 
Wed 05/22/2013  4:51:34.06 Pass on E:\A80_LOG2013-05-21 send to server 
Wed 05/22/2013  4:51:34.73 Pass on E:\ME302KL_LOG2013-05-21 send to server 
Wed 05/22/2013  4:53:27.20 Pass on E:\P05_LOG2013-05-21 send to server 
Wed 05/22/2013  4:53:27.89 Pass on E:\ME302C_LOG2013-05-21 send to server 
Thu 05/23/2013  4:45:29.61 Pass on E:\A80_LOG2013-05-22 send to server 
Thu 05/23/2013  4:45:30.29 Pass on E:\ME302KL_LOG2013-05-22 send to server 
Thu 05/23/2013  4:46:08.69 Pass on E:\P05_LOG2013-05-22 send to server 
Thu 05/23/2013  4:46:09.36 Pass on E:\ME302C_LOG2013-05-22 send to server 
Fri 05/24/2013  4:40:36.03 Pass on E:\A80_LOG2013-05-23 send to server 
Fri 05/24/2013  4:40:36.72 Pass on E:\ME302KL_LOG2013-05-23 send to server 
Fri 05/24/2013  4:40:45.19 Pass on E:\P05_LOG2013-05-23 send to server 
Fri 05/24/2013  4:40:45.84 Pass on E:\ME302C_LOG2013-05-23 send to server 
Sat 05/25/2013  4:40:32.61 Pass on E:\A80_LOG2013-05-24 send to server 
Sat 05/25/2013  4:40:33.24 Pass on E:\ME302KL_LOG2013-05-24 send to server 
Sat 05/25/2013  4:40:47.02 Pass on E:\P05_LOG2013-05-24 send to server 
Sat 05/25/2013  4:41:34.58 Pass on E:\ME302C_LOG2013-05-24 send to server 
Sun 05/26/2013  4:40:30.87 Pass on E:\A80_LOG2013-05-25 send to server 
Sun 05/26/2013  4:41:31.03 Pass on E:\ME302KL_LOG2013-05-25 send to server 
Sun 05/26/2013  4:41:31.89 Pass on E:\P05_LOG2013-05-25 send to server 
Sun 05/26/2013  4:41:56.22 Pass on E:\ME302C_LOG2013-05-25 send to server 
Mon 05/27/2013  4:40:02.43 Pass on E:\A80_LOG2013-05-26 send to server 
Mon 05/27/2013  4:40:03.05 Pass on E:\ME302KL_LOG2013-05-26 send to server 
Mon 05/27/2013  4:40:06.71 Pass on E:\P05_LOG2013-05-26 send to server 
Mon 05/27/2013  4:40:27.50 Pass on E:\ME302C_LOG2013-05-26 send to server 
Tue 05/28/2013  4:40:17.38 Pass on E:\A80_LOG2013-05-27 send to server 
Tue 05/28/2013  4:40:18.09 Pass on E:\ME302KL_LOG2013-05-27 send to server 
Tue 05/28/2013  4:40:23.16 Pass on E:\P05_LOG2013-05-27 send to server 
Tue 05/28/2013  4:40:53.13 Pass on E:\ME302C_LOG2013-05-27 send to server 
Wed 05/29/2013  4:40:21.36 Pass on E:\A80_LOG2013-05-28 send to server 
Wed 05/29/2013  4:40:23.86 Pass on E:\ME302KL_LOG2013-05-28 send to server 
Wed 05/29/2013  4:40:37.85 Pass on E:\P05_LOG2013-05-28 send to server 
Wed 05/29/2013  4:41:20.22 Pass on E:\ME302C_LOG2013-05-28 send to server 
Thu 05/30/2013  4:40:20.22 Pass on E:\A80_LOG2013-05-29 send to server 
Thu 05/30/2013  4:40:25.79 Pass on E:\ME302KL_LOG2013-05-29 send to server 
Thu 05/30/2013  4:40:54.75 Pass on E:\P05_LOG2013-05-29 send to server 
Thu 05/30/2013  4:41:22.97 Pass on E:\ME302C_LOG2013-05-29 send to server 
Fri 05/31/2013  4:40:26.48 Pass on E:\A80_LOG2013-05-30 send to server 
Fri 05/31/2013  4:40:33.54 Pass on E:\ME302KL_LOG2013-05-30 send to server 
Fri 05/31/2013  4:41:03.73 Pass on E:\P05_LOG2013-05-30 send to server 
Fri 05/31/2013  4:41:23.43 Pass on E:\ME302C_LOG2013-05-30 send to server 
Sat 06/01/2013  4:40:29.92 Pass on E:\A80_LOG2013-05-31 send to server 
Sat 06/01/2013  4:41:03.27 Pass on E:\ME302KL_LOG2013-05-31 send to server 
Sat 06/01/2013  4:41:31.02 Pass on E:\P05_LOG2013-05-31 send to server 
Sat 06/01/2013  4:41:56.64 Pass on E:\ME302C_LOG2013-05-31 send to server 
Sun 06/02/2013  4:41:14.95 Pass on E:\A80_LOG2013-06-01 send to server 
Sun 06/02/2013  4:41:55.65 Pass on E:\ME302KL_LOG2013-06-01 send to server 
Sun 06/02/2013  4:42:00.79 Pass on E:\P05_LOG2013-06-01 send to server 
Sun 06/02/2013  4:42:20.98 Pass on E:\ME302C_LOG2013-06-01 send to server 
Mon 06/03/2013  4:40:00.97 Pass on E:\A80_LOG2013-06-02 send to server 
Mon 06/03/2013  4:40:01.56 Pass on E:\ME302KL_LOG2013-06-02 send to server 
Mon 06/03/2013  4:40:02.14 Pass on E:\P05_LOG2013-06-02 send to server 
Mon 06/03/2013  4:40:02.77 Pass on E:\ME302C_LOG2013-06-02 send to server 
Tue 06/04/2013  4:42:04.26 Pass on E:\A80_LOG2013-06-03 send to server 
Tue 06/04/2013  4:42:58.42 Pass on E:\ME302KL_LOG2013-06-03 send to server 
Tue 06/04/2013  4:43:12.55 Pass on E:\P05_LOG2013-06-03 send to server 
Tue 06/04/2013  4:43:50.56 Pass on E:\ME302C_LOG2013-06-03 send to server 
Wed 06/05/2013  4:42:40.68 Pass on E:\A80_LOG2013-06-04 send to server 
Wed 06/05/2013  4:43:44.50 Pass on E:\ME302KL_LOG2013-06-04 send to server 
Wed 06/05/2013  4:43:49.67 Pass on E:\P05_LOG2013-06-04 send to server 
Wed 06/05/2013  4:44:06.43 Pass on E:\ME302C_LOG2013-06-04 send to server 
Thu 06/06/2013  4:41:46.60 Pass on E:\A80_LOG2013-06-05 send to server 
Thu 06/06/2013  4:42:41.89 Pass on E:\ME302KL_LOG2013-06-05 send to server 
Thu 06/06/2013  4:42:46.43 Pass on E:\P05_LOG2013-06-05 send to server 
Thu 06/06/2013  4:43:02.52 Pass on E:\ME302C_LOG2013-06-05 send to server 
Fri 06/07/2013  4:41:36.73 Pass on E:\A80_LOG2013-06-06 send to server 
Fri 06/07/2013  4:42:06.62 Pass on E:\ME302KL_LOG2013-06-06 send to server 
Fri 06/07/2013  4:42:07.24 Pass on E:\P05_LOG2013-06-06 send to server 
Fri 06/07/2013  4:42:10.60 Pass on E:\ME302C_LOG2013-06-06 send to server 
Sat 06/08/2013  4:41:44.30 Pass on E:\A80_LOG2013-06-07 send to server 
Sat 06/08/2013  4:42:08.54 Pass on E:\ME302KL_LOG2013-06-07 send to server 
Sat 06/08/2013  4:42:26.91 Pass on E:\P05_LOG2013-06-07 send to server 
Sat 06/08/2013  4:42:29.04 Pass on E:\ME302C_LOG2013-06-07 send to server 
Sun 06/09/2013  4:42:43.95 Pass on E:\ME302KL_LOG2013-06-08 send to server 
Sun 06/09/2013  4:43:04.93 Pass on E:\P05_LOG2013-06-08 send to server 
Sun 06/09/2013  4:43:25.95 Pass on E:\ME302C_LOG2013-06-08 send to server 
Mon 06/10/2013  4:40:21.51 Pass on E:\A80_LOG2013-06-09 send to server 
Mon 06/10/2013  4:40:42.51 Pass on E:\ME302KL_LOG2013-06-09 send to server 
Mon 06/10/2013  4:41:03.62 Pass on E:\P05_LOG2013-06-09 send to server 
Mon 06/10/2013  4:41:24.60 Pass on E:\ME302C_LOG2013-06-09 send to server 
Tue 06/11/2013  4:44:25.24 Pass on E:\P05_LOG2013-06-10 send to server 
Tue 06/11/2013  4:44:46.34 Pass on E:\ME302C_LOG2013-06-10 send to server 
Thu 06/13/2013  4:42:08.11 Pass on E:\ME302KL_LOG2013-06-12 send to server 
Thu 06/13/2013  4:42:29.20 Pass on E:\P05_LOG2013-06-12 send to server 
Thu 06/13/2013  4:42:50.31 Pass on E:\ME302C_LOG2013-06-12 send to server 
Thu 06/13/2013 11:31:08.43 Pass on E:\A80_LOG2013-06-08 send to server 
Thu 06/13/2013 11:46:44.98 Pass on E:\A80_LOG2013-06-10 send to server 
Thu 06/13/2013 11:48:53.86 Pass on E:\ME302KL_LOG2013-06-10 send to server 
Thu 06/13/2013 11:51:27.67 Pass on E:\A80_LOG2013-06-11 send to server 
Thu 06/13/2013 11:51:40.68 Pass on E:\ME302KL_LOG2013-06-11 send to server 
Thu 06/13/2013 11:52:17.61 Pass on E:\P05_LOG2013-06-11 send to server 
Thu 06/13/2013 11:52:24.73 Pass on E:\ME302C_LOG2013-06-11 send to server 
Thu 06/13/2013 11:54:16.34 Pass on E:\A80_LOG2013-06-12 send to server 
Fri 06/14/2013  4:40:30.26 Pass on E:\A80_LOG2013-06-13 send to server 
Fri 06/14/2013  4:40:32.92 Pass on E:\ME302KL_LOG2013-06-13 send to server 
Fri 06/14/2013  4:40:34.43 Pass on E:\P05_LOG2013-06-13 send to server 
Fri 06/14/2013  4:40:39.04 Pass on E:\ME302C_LOG2013-06-13 send to server 
Sat 06/15/2013  4:41:16.04 Pass on E:\A80_LOG2013-06-14 send to server 
Sat 06/15/2013  4:41:27.21 Pass on E:\ME302KL_LOG2013-06-14 send to server 
Sat 06/15/2013  4:41:40.26 Pass on E:\P05_LOG2013-06-14 send to server 
Sat 06/15/2013  4:42:16.07 Pass on E:\ME302C_LOG2013-06-14 send to server 
Sun 06/16/2013  4:40:22.54 Pass on E:\A80_LOG2013-06-15 send to server 
Sun 06/16/2013  4:40:23.46 Pass on E:\ME302KL_LOG2013-06-15 send to server 
Sun 06/16/2013  4:40:40.79 Pass on E:\P05_LOG2013-06-15 send to server 
Sun 06/16/2013  4:41:02.57 Pass on E:\A86_LOG2013-06-15 send to server 
Sun 06/16/2013  4:41:52.10 Pass on E:\ME302C_LOG2013-06-15 send to server 
Mon 06/17/2013  4:40:05.21 Pass on E:\A80_LOG2013-06-16 send to server 
Mon 06/17/2013  4:40:05.59 Pass on E:\ME302KL_LOG2013-06-16 send to server 
Mon 06/17/2013  4:40:05.96 Pass on E:\P05_LOG2013-06-16 send to server 
Mon 06/17/2013  4:40:41.34 Pass on E:\A86_LOG2013-06-16 send to server 
Mon 06/17/2013  4:40:59.64 Pass on E:\ME302C_LOG2013-06-16 send to server 
Tue 06/18/2013  4:40:06.30 Pass on E:\A80_LOG2013-06-17 send to server 
Tue 06/18/2013  4:40:06.72 Pass on E:\ME302KL_LOG2013-06-17 send to server 
Tue 06/18/2013  4:40:27.50 Pass on E:\P05_LOG2013-06-17 send to server 
Tue 06/18/2013  4:41:07.35 Pass on E:\A86_LOG2013-06-17 send to server 
Tue 06/18/2013  4:41:41.11 Pass on E:\ME302C_LOG2013-06-17 send to server 
Tue 06/18/2013  4:42:11.89 Pass on E:\ME372CG_LOG2013-06-17 send to server 
Wed 06/19/2013  4:40:47.58 Pass on E:\A80_LOG2013-06-18 send to server 
Wed 06/19/2013  4:40:51.47 Pass on E:\ME302KL_LOG2013-06-18 send to server 
Wed 06/19/2013  4:41:33.28 Pass on E:\P05_LOG2013-06-18 send to server 
Wed 06/19/2013  4:42:04.72 Pass on E:\A86_LOG2013-06-18 send to server 
Wed 06/19/2013  4:42:19.64 Pass on E:\ME302C_LOG2013-06-18 send to server 
Wed 06/19/2013  4:42:42.77 Pass on E:\ME372CG_LOG2013-06-18 send to server 
Thu 06/20/2013  4:41:53.77 Pass on E:\A80_LOG2013-06-19 send to server 
Thu 06/20/2013  4:41:55.78 Pass on E:\ME302KL_LOG2013-06-19 send to server 
Thu 06/20/2013  4:42:14.20 Pass on E:\P05_LOG2013-06-19 send to server 
Thu 06/20/2013  4:42:36.59 Pass on E:\A86_LOG2013-06-19 send to server 
Thu 06/20/2013  4:42:49.39 Pass on E:\ME302C_LOG2013-06-19 send to server 
Thu 06/20/2013  4:42:49.77 Pass on E:\ME372CG_LOG2013-06-19 send to server 
Fri 06/21/2013  4:40:52.62 Pass on E:\A80_LOG2013-06-20 send to server 
Fri 06/21/2013  4:40:53.07 Pass on E:\ME302KL_LOG2013-06-20 send to server 
Fri 06/21/2013  4:41:12.80 Pass on E:\P05_LOG2013-06-20 send to server 
Fri 06/21/2013  4:41:59.37 Pass on E:\A86_LOG2013-06-20 send to server 
Fri 06/21/2013  4:42:08.54 Pass on E:\ME302C_LOG2013-06-20 send to server 
Fri 06/21/2013  4:42:08.93 Pass on E:\ME372CG_LOG2013-06-20 send to server 
Sat 06/22/2013  4:40:39.87 Pass on E:\A80_LOG2013-06-21 send to server 
Sat 06/22/2013  4:40:40.31 Pass on E:\ME302KL_LOG2013-06-21 send to server 
Sat 06/22/2013  4:40:45.25 Pass on E:\P05_LOG2013-06-21 send to server 
Sat 06/22/2013  4:41:01.48 Pass on E:\A86_LOG2013-06-21 send to server 
Sat 06/22/2013  4:41:02.50 Pass on E:\ME302C_LOG2013-06-21 send to server 
Sat 06/22/2013  4:41:02.90 Pass on E:\ME372CG_LOG2013-06-21 send to server 
Sun 06/23/2013  4:40:20.62 Pass on E:\A80_LOG2013-06-22 send to server 
Sun 06/23/2013  4:40:25.47 Pass on E:\ME302KL_LOG2013-06-22 send to server 
Sun 06/23/2013  4:40:25.87 Pass on E:\P05_LOG2013-06-22 send to server 
Sun 06/23/2013  4:40:28.40 Pass on E:\A86_LOG2013-06-22 send to server 
Sun 06/23/2013  4:40:37.15 Pass on E:\ME302C_LOG2013-06-22 send to server 
Sun 06/23/2013  4:40:37.53 Pass on E:\ME372CG_LOG2013-06-22 send to server 
Mon 06/24/2013  4:40:09.40 Pass on E:\A80_LOG2013-06-23 send to server 
Mon 06/24/2013  4:40:15.97 Pass on E:\ME302KL_LOG2013-06-23 send to server 
Mon 06/24/2013  4:40:16.40 Pass on E:\P05_LOG2013-06-23 send to server 
Mon 06/24/2013  4:40:16.83 Pass on E:\A86_LOG2013-06-23 send to server 
Mon 06/24/2013  4:40:17.21 Pass on E:\ME302C_LOG2013-06-23 send to server 
Mon 06/24/2013  4:40:17.65 Pass on E:\ME372CG_LOG2013-06-23 send to server 
Tue 06/25/2013  4:41:41.07 Pass on E:\A80_LOG2013-06-24 send to server 
Tue 06/25/2013  4:41:44.40 Pass on E:\ME302KL_LOG2013-06-24 send to server 
Tue 06/25/2013  4:41:44.85 Pass on E:\P05_LOG2013-06-24 send to server 
Tue 06/25/2013  4:41:45.30 Pass on E:\A86_LOG2013-06-24 send to server 
Tue 06/25/2013  4:43:21.57 Pass on E:\ME302C_LOG2013-06-24 send to server 
Tue 06/25/2013  4:43:21.98 Pass on E:\ME372CG_LOG2013-06-24 send to server 
Wed 06/26/2013  4:44:04.62 Pass on E:\A80_LOG2013-06-25 send to server 
Wed 06/26/2013  4:44:06.74 Pass on E:\ME302KL_LOG2013-06-25 send to server 
Wed 06/26/2013  4:44:07.13 Pass on E:\P05_LOG2013-06-25 send to server 
Wed 06/26/2013  4:44:08.10 Pass on E:\A86_LOG2013-06-25 send to server 
Wed 06/26/2013  4:49:41.09 Pass on E:\ME302C_LOG2013-06-25 send to server 
Wed 06/26/2013  4:49:41.54 Pass on E:\ME372CG_LOG2013-06-25 send to server 
Thu 06/27/2013  4:42:38.63 Pass on E:\A80_LOG2013-06-26 send to server 
Thu 06/27/2013  4:42:39.10 Pass on E:\ME302KL_LOG2013-06-26 send to server 
Thu 06/27/2013  4:42:39.53 Pass on E:\P05_LOG2013-06-26 send to server 
Thu 06/27/2013  4:42:39.95 Pass on E:\A86_LOG2013-06-26 send to server 
Thu 06/27/2013  4:49:40.17 Pass on E:\ME302C_LOG2013-06-26 send to server 
Thu 06/27/2013  4:49:40.61 Pass on E:\ME372CG_LOG2013-06-26 send to server 
Fri 06/28/2013  4:40:33.62 Pass on E:\A80_LOG2013-06-27 send to server 
Fri 06/28/2013  4:40:34.08 Pass on E:\ME302KL_LOG2013-06-27 send to server 
Fri 06/28/2013  4:40:46.66 Pass on E:\P05_LOG2013-06-27 send to server 
Fri 06/28/2013  4:40:47.06 Pass on E:\A86_LOG2013-06-27 send to server 
Fri 06/28/2013  4:43:16.11 Pass on E:\ME302C_LOG2013-06-27 send to server 
Fri 06/28/2013  4:43:16.53 Pass on E:\ME372CG_LOG2013-06-27 send to server 
Sat 06/29/2013  4:40:24.08 Pass on E:\A80_LOG2013-06-28 send to server 
Sat 06/29/2013  4:40:24.48 Pass on E:\ME302KL_LOG2013-06-28 send to server 
Sat 06/29/2013  4:40:37.14 Pass on E:\P05_LOG2013-06-28 send to server 
Sat 06/29/2013  4:40:37.51 Pass on E:\A86_LOG2013-06-28 send to server 
Sat 06/29/2013  4:49:10.00 Pass on E:\ME302C_LOG2013-06-28 send to server 
Sat 06/29/2013  4:49:10.56 Pass on E:\ME372CG_LOG2013-06-28 send to server 
Sun 06/30/2013  4:40:18.42 Pass on E:\A80_LOG2013-06-29 send to server 
Sun 06/30/2013  4:40:18.84 Pass on E:\ME302KL_LOG2013-06-29 send to server 
Sun 06/30/2013  4:40:22.81 Pass on E:\P05_LOG2013-06-29 send to server 
Sun 06/30/2013  4:40:23.26 Pass on E:\A86_LOG2013-06-29 send to server 
Sun 06/30/2013  4:41:04.59 Pass on E:\ME302C_LOG2013-06-29 send to server 
Sun 06/30/2013  4:41:05.11 Pass on E:\ME372CG_LOG2013-06-29 send to server 
Mon 07/01/2013  4:40:01.12 Pass on E:\A80_LOG2013-06-30 send to server 
Mon 07/01/2013  4:40:01.53 Pass on E:\ME302KL_LOG2013-06-30 send to server 
Mon 07/01/2013  4:40:01.95 Pass on E:\P05_LOG2013-06-30 send to server 
Mon 07/01/2013  4:40:02.32 Pass on E:\A86_LOG2013-06-30 send to server 
Mon 07/01/2013  4:40:04.53 Pass on E:\ME302C_LOG2013-06-30 send to server 
Mon 07/01/2013  4:40:04.95 Pass on E:\ME372CG_LOG2013-06-30 send to server 
Tue 07/02/2013  4:40:02.06 Pass on E:\A80_LOG2013-07-01 send to server 
Tue 07/02/2013  4:40:02.47 Pass on E:\ME302KL_LOG2013-07-01 send to server 
Tue 07/02/2013  4:40:02.86 Pass on E:\P05_LOG2013-07-01 send to server 
Tue 07/02/2013  4:40:03.26 Pass on E:\A86_LOG2013-07-01 send to server 
Tue 07/02/2013  4:40:03.65 Pass on E:\ME302C_LOG2013-07-01 send to server 
Tue 07/02/2013  4:40:04.03 Pass on E:\ME372CG_LOG2013-07-01 send to server 
Wed 07/03/2013  4:40:01.16 Pass on E:\A80_LOG2013-07-02 send to server 
Wed 07/03/2013  4:40:01.55 Pass on E:\ME302KL_LOG2013-07-02 send to server 
Wed 07/03/2013  4:40:01.94 Pass on E:\P05_LOG2013-07-02 send to server 
Wed 07/03/2013  4:40:02.35 Pass on E:\A86_LOG2013-07-02 send to server 
Wed 07/03/2013  4:40:03.76 Pass on E:\ME302C_LOG2013-07-02 send to server 
Wed 07/03/2013  4:40:04.13 Pass on E:\ME372CG_LOG2013-07-02 send to server 
Thu 07/04/2013  4:40:04.94 Pass on E:\A80_LOG2013-07-03 send to server 
Thu 07/04/2013  4:40:05.36 Pass on E:\ME302KL_LOG2013-07-03 send to server 
Thu 07/04/2013  4:40:23.98 Pass on E:\P05_LOG2013-07-03 send to server 
Thu 07/04/2013  4:40:24.42 Pass on E:\A86_LOG2013-07-03 send to server 
Thu 07/04/2013  4:42:09.39 Pass on E:\ME302C_LOG2013-07-03 send to server 
Thu 07/04/2013  4:42:09.84 Pass on E:\ME372CG_LOG2013-07-03 send to server 
Fri 07/05/2013  4:40:06.97 Pass on E:\A80_LOG2013-07-04 send to server 
Fri 07/05/2013  4:40:07.36 Pass on E:\ME302KL_LOG2013-07-04 send to server 
Fri 07/05/2013  4:40:19.50 Pass on E:\P05_LOG2013-07-04 send to server 
Fri 07/05/2013  4:40:19.90 Pass on E:\A86_LOG2013-07-04 send to server 
Fri 07/05/2013  4:50:00.65 Pass on E:\ME302C_LOG2013-07-04 send to server 
Fri 07/05/2013  4:50:01.12 Pass on E:\ME372CG_LOG2013-07-04 send to server 
Sat 07/06/2013  4:40:03.75 Pass on E:\A80_LOG2013-07-05 send to server 
Sat 07/06/2013  4:40:04.12 Pass on E:\ME302KL_LOG2013-07-05 send to server 
Sat 07/06/2013  4:40:46.73 Pass on E:\P05_LOG2013-07-05 send to server 
Sat 07/06/2013  4:40:47.14 Pass on E:\A86_LOG2013-07-05 send to server 
Sat 07/06/2013  4:42:53.48 Pass on E:\ME302C_LOG2013-07-05 send to server 
Sat 07/06/2013  4:42:53.90 Pass on E:\ME372CG_LOG2013-07-05 send to server 
Sun 07/07/2013  4:40:00.98 Pass on E:\A80_LOG2013-07-06 send to server 
Sun 07/07/2013  4:40:01.42 Pass on E:\ME302KL_LOG2013-07-06 send to server 
Sun 07/07/2013  4:40:21.37 Pass on E:\P05_LOG2013-07-06 send to server 
Sun 07/07/2013  4:40:21.75 Pass on E:\A86_LOG2013-07-06 send to server 
Sun 07/07/2013  4:41:57.26 Pass on E:\ME302C_LOG2013-07-06 send to server 
Sun 07/07/2013  4:41:57.68 Pass on E:\ME372CG_LOG2013-07-06 send to server 
Mon 07/08/2013  4:40:01.00 Pass on E:\A80_LOG2013-07-07 send to server 
Mon 07/08/2013  4:40:01.44 Pass on E:\ME302KL_LOG2013-07-07 send to server 
Mon 07/08/2013  4:40:01.84 Pass on E:\P05_LOG2013-07-07 send to server 
Mon 07/08/2013  4:40:05.31 Pass on E:\A86_LOG2013-07-07 send to server 
Mon 07/08/2013  4:40:20.27 Pass on E:\ME302C_LOG2013-07-07 send to server 
Mon 07/08/2013  4:40:20.67 Pass on E:\ME372CG_LOG2013-07-07 send to server 
Tue 07/09/2013  4:40:58.85 Pass on E:\A80_LOG2013-07-08 send to server 
Tue 07/09/2013  4:40:59.24 Pass on E:\ME302KL_LOG2013-07-08 send to server 
Tue 07/09/2013  4:41:17.24 Pass on E:\P05_LOG2013-07-08 send to server 
Tue 07/09/2013  4:41:47.46 Pass on E:\A86_LOG2013-07-08 send to server 
Tue 07/09/2013  4:43:30.43 Pass on E:\ME302C_LOG2013-07-08 send to server 
Tue 07/09/2013  4:43:30.85 Pass on E:\ME372CG_LOG2013-07-08 send to server 
Wed 07/10/2013  4:41:10.62 Pass on E:\A80_LOG2013-07-09 send to server 
Wed 07/10/2013  4:41:12.40 Pass on E:\ME302KL_LOG2013-07-09 send to server 
Wed 07/10/2013  4:41:20.60 Pass on E:\P05_LOG2013-07-09 send to server 
Wed 07/10/2013  4:42:05.60 Pass on E:\A86_LOG2013-07-09 send to server 
Wed 07/10/2013  4:43:47.42 Pass on E:\ME302C_LOG2013-07-09 send to server 
Wed 07/10/2013  4:43:47.81 Pass on E:\ME372CG_LOG2013-07-09 send to server 
Thu 07/11/2013  4:40:20.53 Pass on E:\A80_LOG2013-07-10 send to server 
Thu 07/11/2013  4:40:22.01 Pass on E:\ME302KL_LOG2013-07-10 send to server 
Thu 07/11/2013  4:41:07.07 Pass on E:\P05_LOG2013-07-10 send to server 
Thu 07/11/2013  4:41:49.18 Pass on E:\A86_LOG2013-07-10 send to server 
Thu 07/11/2013  4:42:17.50 Pass on E:\ME302C_LOG2013-07-10 send to server 
Thu 07/11/2013  4:42:17.92 Pass on E:\ME372CG_LOG2013-07-10 send to server 
Fri 07/12/2013  4:40:10.17 Pass on E:\A80_LOG2013-07-11 send to server 
Fri 07/12/2013  4:41:01.37 Pass on E:\ME302KL_LOG2013-07-11 send to server 
Fri 07/12/2013  4:41:08.34 Pass on E:\P05_LOG2013-07-11 send to server 
Fri 07/12/2013  4:41:43.62 Pass on E:\A86_LOG2013-07-11 send to server 
Fri 07/12/2013  4:41:59.78 Pass on E:\ME302C_LOG2013-07-11 send to server 
Fri 07/12/2013  4:42:00.18 Pass on E:\ME372CG_LOG2013-07-11 send to server 
Sat 07/13/2013  4:40:28.93 Pass on E:\A80_LOG2013-07-12 send to server 
Sat 07/13/2013  4:41:37.84 Pass on E:\ME302KL_LOG2013-07-12 send to server 
Sat 07/13/2013  4:41:41.52 Pass on E:\P05_LOG2013-07-12 send to server 
Sat 07/13/2013  4:42:40.06 Pass on E:\A86_LOG2013-07-12 send to server 
Sat 07/13/2013  4:45:21.07 Pass on E:\ME302C_LOG2013-07-12 send to server 
Sat 07/13/2013  4:45:22.84 Pass on E:\ME372CG_LOG2013-07-12 send to server 
Sun 07/14/2013  4:41:34.80 Pass on E:\A80_LOG2013-07-13 send to server 
Sun 07/14/2013  4:42:41.82 Pass on E:\ME302KL_LOG2013-07-13 send to server 
Sun 07/14/2013  4:42:44.52 Pass on E:\P05_LOG2013-07-13 send to server 
Sun 07/14/2013  4:43:35.15 Pass on E:\A86_LOG2013-07-13 send to server 
Sun 07/14/2013  4:51:06.38 Pass on E:\ME302C_LOG2013-07-13 send to server 
Sun 07/14/2013  4:51:08.18 Pass on E:\ME372CG_LOG2013-07-13 send to server 
Mon 07/15/2013  4:40:06.13 Pass on E:\A80_LOG2013-07-14 send to server 
Mon 07/15/2013  4:40:17.74 Pass on E:\ME302KL_LOG2013-07-14 send to server 
Mon 07/15/2013  4:40:18.16 Pass on E:\P05_LOG2013-07-14 send to server 
Mon 07/15/2013  4:40:40.79 Pass on E:\A86_LOG2013-07-14 send to server 
Mon 07/15/2013  4:41:04.20 Pass on E:\ME302C_LOG2013-07-14 send to server 
Mon 07/15/2013  4:41:04.62 Pass on E:\ME372CG_LOG2013-07-14 send to server 
Mon 07/15/2013  9:45:29.94 Pass on E:\LOG\LOG_ME102A\ME102A_LOG2013-07-15 send to server 
Tue 07/16/2013  4:40:34.60 Pass on E:\A80_LOG2013-07-15 send to server 
Tue 07/16/2013  4:41:30.25 Pass on E:\ME302KL_LOG2013-07-15 send to server 
Tue 07/16/2013  4:41:34.13 Pass on E:\P05_LOG2013-07-15 send to server 
Tue 07/16/2013  4:41:39.67 Pass on E:\A86_LOG2013-07-15 send to server 
Tue 07/16/2013  4:43:16.33 Pass on E:\ME302C_LOG2013-07-15 send to server 
Tue 07/16/2013  4:43:16.86 Pass on E:\ME372CG_LOG2013-07-15 send to server 
Tue 07/16/2013  4:43:17.77 Pass on E:\LOG\LOG_ME175KG\ME175KG_LOG2013-07-15 send to server 
Tue 07/16/2013  4:43:19.50 Pass on E:\LOG\LOG_ME180A\ME180A_LOG2013-07-15 send to server 
Tue 07/16/2013  4:43:19.89 Pass on E:\LOG\LOG_ME560CG\ME560CG_LOG2013-07-15 send to server 
Wed 07/17/2013  4:40:17.14 Pass on E:\A80_LOG2013-07-16 send to server 
Wed 07/17/2013  4:40:31.61 Pass on E:\ME302KL_LOG2013-07-16 send to server 
Wed 07/17/2013  4:40:32.00 Pass on E:\P05_LOG2013-07-16 send to server 
Wed 07/17/2013  4:40:50.77 Pass on E:\A86_LOG2013-07-16 send to server 
Wed 07/17/2013  4:42:29.66 Pass on E:\ME302C_LOG2013-07-16 send to server 
Wed 07/17/2013  4:42:55.97 Pass on E:\ME372CG_LOG2013-07-16 send to server 
Wed 07/17/2013  6:40:12.28 Pass on E:\LOG\LOG_ME102A\ME102A_LOG2013-07-16 send to server 
Wed 07/17/2013  6:40:12.78 Pass on E:\LOG\LOG_ME175KG\ME175KG_LOG2013-07-16 send to server 
Wed 07/17/2013  6:40:13.17 Pass on E:\LOG\LOG_ME180A\ME180A_LOG2013-07-16 send to server 
Wed 07/17/2013  6:40:13.58 Pass on E:\LOG\LOG_ME560CG\ME560CG_LOG2013-07-16 send to server 
Thu 07/18/2013  4:40:11.73 Pass on E:\A80_LOG2013-07-17 send to server 
Thu 07/18/2013  4:40:37.41 Pass on E:\ME302KL_LOG2013-07-17 send to server 
Thu 07/18/2013  4:41:06.63 Pass on E:\P05_LOG2013-07-17 send to server 
Thu 07/18/2013  4:41:07.01 Pass on E:\A86_LOG2013-07-17 send to server 
Thu 07/18/2013  4:48:27.35 Pass on E:\ME302C_LOG2013-07-17 send to server 
Thu 07/18/2013  4:49:35.16 Pass on E:\ME372CG_LOG2013-07-17 send to server 
Thu 07/18/2013  4:49:36.19 Pass on E:\LOG\LOG_ME102A\ME102A_LOG2013-07-17 send to server 
Thu 07/18/2013  4:49:36.62 Pass on E:\LOG\LOG_ME175KG\ME175KG_LOG2013-07-17 send to server 
Thu 07/18/2013  4:49:37.01 Pass on E:\LOG\LOG_ME180A\ME180A_LOG2013-07-17 send to server 
Thu 07/18/2013  4:49:37.44 Pass on E:\LOG\LOG_ME560CG\ME560CG_LOG2013-07-17 send to server 
Fri 07/19/2013  4:40:04.26 Pass on E:\A80_LOG2013-07-18 send to server 
Fri 07/19/2013  4:40:34.94 Pass on E:\ME302KL_LOG2013-07-18 send to server 
Fri 07/19/2013  4:40:51.63 Pass on E:\P05_LOG2013-07-18 send to server 
Fri 07/19/2013  4:40:52.04 Pass on E:\A86_LOG2013-07-18 send to server 
Fri 07/19/2013  4:48:15.23 Pass on E:\ME302C_LOG2013-07-18 send to server 
Fri 07/19/2013  4:48:47.94 Pass on E:\ME372CG_LOG2013-07-18 send to server 
Fri 07/19/2013  4:48:48.43 Pass on E:\LOG\LOG_ME102A\ME102A_LOG2013-07-18 send to server 
Fri 07/19/2013  4:48:48.82 Pass on E:\LOG\LOG_ME175KG\ME175KG_LOG2013-07-18 send to server 
Fri 07/19/2013  4:48:51.57 Pass on E:\LOG\LOG_ME180A\ME180A_LOG2013-07-18 send to server 
Fri 07/19/2013  4:48:51.98 Pass on E:\LOG\LOG_ME560CG\ME560CG_LOG2013-07-18 send to server 
Sat 07/20/2013  4:40:03.06 Pass on E:\A80_LOG2013-07-19 send to server 
Sat 07/20/2013  4:42:34.67 Pass on E:\ME302KL_LOG2013-07-19 send to server 
Sat 07/20/2013  4:43:05.17 Pass on E:\P05_LOG2013-07-19 send to server 
Sat 07/20/2013  4:43:05.60 Pass on E:\A86_LOG2013-07-19 send to server 
Sat 07/20/2013  4:55:04.40 Pass on E:\ME302C_LOG2013-07-19 send to server 
Sat 07/20/2013  4:55:17.23 Pass on E:\ME372CG_LOG2013-07-19 send to server 
Sat 07/20/2013  4:55:17.67 Pass on E:\LOG\LOG_ME102A\ME102A_LOG2013-07-19 send to server 
Sat 07/20/2013  4:55:18.07 Pass on E:\LOG\LOG_ME175KG\ME175KG_LOG2013-07-19 send to server 
Sat 07/20/2013  4:55:40.73 Pass on E:\LOG\LOG_ME180A\ME180A_LOG2013-07-19 send to server 
Sat 07/20/2013  4:55:41.12 Pass on E:\LOG\LOG_ME560CG\ME560CG_LOG2013-07-19 send to server 
Sun 07/21/2013  4:40:02.39 Pass on E:\A80_LOG2013-07-20 send to server 
Sun 07/21/2013  4:40:45.72 Pass on E:\ME302KL_LOG2013-07-20 send to server 
Sun 07/21/2013  4:40:53.52 Pass on E:\P05_LOG2013-07-20 send to server 
Sun 07/21/2013  4:40:53.92 Pass on E:\A86_LOG2013-07-20 send to server 
Sun 07/21/2013  4:53:13.56 Pass on E:\ME302C_LOG2013-07-20 send to server 
Sun 07/21/2013  4:54:30.14 Pass on E:\ME372CG_LOG2013-07-20 send to server 
Sun 07/21/2013  4:54:30.66 Pass on E:\LOG\LOG_ME102A\ME102A_LOG2013-07-20 send to server 
Sun 07/21/2013  4:54:31.05 Pass on E:\LOG\LOG_ME175KG\ME175KG_LOG2013-07-20 send to server 
Sun 07/21/2013  4:55:01.33 Pass on E:\LOG\LOG_ME180A\ME180A_LOG2013-07-20 send to server 
Sun 07/21/2013  4:55:01.72 Pass on E:\LOG\LOG_ME560CG\ME560CG_LOG2013-07-20 send to server 
Mon 07/22/2013  4:40:01.03 Pass on E:\A80_LOG2013-07-21 send to server 
Mon 07/22/2013  4:41:26.83 Pass on E:\ME302KL_LOG2013-07-21 send to server 
Mon 07/22/2013  4:41:33.88 Pass on E:\P05_LOG2013-07-21 send to server 
Mon 07/22/2013  4:41:34.28 Pass on E:\A86_LOG2013-07-21 send to server 
Mon 07/22/2013  4:45:47.13 Pass on E:\ME302C_LOG2013-07-21 send to server 
Mon 07/22/2013  4:46:49.85 Pass on E:\ME372CG_LOG2013-07-21 send to server 
Mon 07/22/2013  4:46:50.33 Pass on E:\LOG\LOG_ME102A\ME102A_LOG2013-07-21 send to server 
Mon 07/22/2013  4:46:50.72 Pass on E:\LOG\LOG_ME175KG\ME175KG_LOG2013-07-21 send to server 
Mon 07/22/2013  4:46:54.82 Pass on E:\LOG\LOG_ME180A\ME180A_LOG2013-07-21 send to server 
Mon 07/22/2013  4:46:55.21 Pass on E:\LOG\LOG_ME560CG\ME560CG_LOG2013-07-21 send to server 
Tue 07/23/2013  4:40:22.33 Pass on E:\A80_LOG2013-07-22 send to server 
Tue 07/23/2013  4:43:05.25 Pass on E:\ME302KL_LOG2013-07-22 send to server 
Tue 07/23/2013  4:43:28.98 Pass on E:\P05_LOG2013-07-22 send to server 
Tue 07/23/2013  4:43:29.45 Pass on E:\A86_LOG2013-07-22 send to server 
Tue 07/23/2013  4:46:33.98 Pass on E:\ME302C_LOG2013-07-22 send to server 
Tue 07/23/2013  4:46:48.81 Pass on E:\ME372CG_LOG2013-07-22 send to server 
Tue 07/23/2013  4:46:49.25 Pass on E:\LOG\LOG_ME102A\ME102A_LOG2013-07-22 send to server 
Tue 07/23/2013  4:46:49.65 Pass on E:\LOG\LOG_ME175KG\ME175KG_LOG2013-07-22 send to server 
Tue 07/23/2013  4:47:02.69 Pass on E:\LOG\LOG_ME180A\ME180A_LOG2013-07-22 send to server 
Tue 07/23/2013  4:47:56.56 Pass on E:\ME560CG_LOG2013-07-22 send to server 
Tue 07/23/2013 13:10:36.25 Pass on E:\ME560CG_LOG2013-07-21 send to server 
Tue 07/23/2013 13:12:44.58 Pass on E:\ME560CG_LOG2013-07-20 send to server 
Tue 07/23/2013 13:17:22.41 Pass on E:\ME560CG_LOG2013-07-19 send to server 
Tue 07/23/2013 13:18:51.31 Pass on E:\ME560CG_LOG2013-07-18 send to server 
Tue 07/23/2013 13:19:44.28 Pass on E:\ME560CG_LOG2013-07-17 send to server 
Tue 07/23/2013 13:20:08.00 Pass on E:\ME560CG_LOG2013-07-16 send to server 
Tue 07/23/2013 13:20:26.97 Pass on E:\ME560CG_LOG2013-07-15 send to server 
Wed 07/24/2013  4:42:06.84 Pass on E:\A80_LOG2013-07-23 send to server 
Wed 07/24/2013  4:45:08.50 Pass on E:\ME302KL_LOG2013-07-23 send to server 
Wed 07/24/2013  4:45:09.16 Pass on E:\P05_LOG2013-07-23 send to server 
Wed 07/24/2013  4:45:09.56 Pass on E:\A86_LOG2013-07-23 send to server 
Wed 07/24/2013  4:56:13.23 Pass on E:\ME302C_LOG2013-07-23 send to server 
Wed 07/24/2013  4:56:30.88 Pass on E:\ME372CG_LOG2013-07-23 send to server 
Wed 07/24/2013  4:56:31.28 Pass on E:\LOG\LOG_ME102A\ME102A_LOG2013-07-23 send to server 
Wed 07/24/2013  4:56:31.69 Pass on E:\LOG\LOG_ME175KG\ME175KG_LOG2013-07-23 send to server 
Wed 07/24/2013  4:56:53.08 Pass on E:\LOG\LOG_ME180A\ME180A_LOG2013-07-23 send to server 
Wed 07/24/2013  4:58:11.30 Pass on E:\ME560CG_LOG2013-07-23 send to server 
Thu 07/25/2013  4:40:30.10 Pass on E:\A80_LOG2013-07-24 send to server 
Thu 07/25/2013  4:43:00.57 Pass on E:\ME302KL_LOG2013-07-24 send to server 
Thu 07/25/2013  4:43:04.73 Pass on E:\P05_LOG2013-07-24 send to server 
Thu 07/25/2013  4:43:05.10 Pass on E:\A86_LOG2013-07-24 send to server 
Thu 07/25/2013  4:56:02.84 Pass on E:\ME302C_LOG2013-07-24 send to server 
Thu 07/25/2013  4:56:17.71 Pass on E:\ME372CG_LOG2013-07-24 send to server 
Thu 07/25/2013  4:56:18.14 Pass on E:\LOG\LOG_ME102A\ME102A_LOG2013-07-24 send to server 
Thu 07/25/2013  4:56:19.79 Pass on E:\LOG\LOG_ME175KG\ME175KG_LOG2013-07-24 send to server 
Thu 07/25/2013  4:57:00.79 Pass on E:\LOG\LOG_ME180A\ME180A_LOG2013-07-24 send to server 
Thu 07/25/2013  4:57:51.64 Pass on E:\ME560CG_LOG2013-07-24 send to server 
Fri 07/26/2013  4:40:26.05 Pass on E:\A80_LOG2013-07-25 send to server 
Fri 07/26/2013  4:42:14.97 Pass on E:\ME302KL_LOG2013-07-25 send to server 
Fri 07/26/2013  4:42:15.53 Pass on E:\P05_LOG2013-07-25 send to server 
Fri 07/26/2013  4:42:19.55 Pass on E:\A86_LOG2013-07-25 send to server 
Fri 07/26/2013  4:58:46.42 Pass on E:\ME302C_LOG2013-07-25 send to server 
Fri 07/26/2013  4:59:39.83 Pass on E:\ME372CG_LOG2013-07-25 send to server 
Fri 07/26/2013  4:59:40.25 Pass on E:\LOG\LOG_ME102A\ME102A_LOG2013-07-25 send to server 
Fri 07/26/2013  4:59:42.86 Pass on E:\LOG\LOG_ME175KG\ME175KG_LOG2013-07-25 send to server 
Fri 07/26/2013  5:00:05.61 Pass on E:\LOG\LOG_ME180A\ME180A_LOG2013-07-25 send to server 
Fri 07/26/2013  5:00:26.37 Pass on E:\ME560CG_LOG2013-07-25 send to server 
Sat 07/27/2013  4:40:09.02 Pass on E:\A80_LOG2013-07-26 send to server 
Sat 07/27/2013  4:42:22.61 Pass on E:\ME302KL_LOG2013-07-26 send to server 
Sat 07/27/2013  4:42:42.80 Pass on E:\P05_LOG2013-07-26 send to server 
Sat 07/27/2013  4:43:28.31 Pass on E:\A86_LOG2013-07-26 send to server 
Sat 07/27/2013  4:57:35.31 Pass on E:\ME302C_LOG2013-07-26 send to server 
Sat 07/27/2013  4:58:18.24 Pass on E:\ME372CG_LOG2013-07-26 send to server 
Sat 07/27/2013  4:58:18.75 Pass on E:\LOG\LOG_ME102A\ME102A_LOG2013-07-26 send to server 
Sat 07/27/2013  4:58:42.49 Pass on E:\LOG\LOG_ME175KG\ME175KG_LOG2013-07-26 send to server 
Sat 07/27/2013  4:59:22.28 Pass on E:\LOG\LOG_ME180A\ME180A_LOG2013-07-26 send to server 
Sat 07/27/2013  4:59:23.35 Pass on E:\ME560CG_LOG2013-07-26 send to server 
Sun 07/28/2013  4:40:14.60 Pass on E:\A80_LOG2013-07-27 send to server 
Sun 07/28/2013  4:42:23.00 Pass on E:\ME302KL_LOG2013-07-27 send to server 
Sun 07/28/2013  4:42:48.61 Pass on E:\P05_LOG2013-07-27 send to server 
Sun 07/28/2013  4:43:17.74 Pass on E:\A86_LOG2013-07-27 send to server 
Sun 07/28/2013  4:56:17.04 Pass on E:\ME302C_LOG2013-07-27 send to server 
Sun 07/28/2013  4:56:39.66 Pass on E:\ME372CG_LOG2013-07-27 send to server 
Sun 07/28/2013  4:56:40.19 Pass on E:\LOG\LOG_ME102A\ME102A_LOG2013-07-27 send to server 
Sun 07/28/2013  4:56:51.08 Pass on E:\LOG\LOG_ME175KG\ME175KG_LOG2013-07-27 send to server 
Sun 07/28/2013  4:57:10.96 Pass on E:\LOG\LOG_ME180A\ME180A_LOG2013-07-27 send to server 
Sun 07/28/2013  4:57:11.39 Pass on E:\ME560CG_LOG2013-07-27 send to server 
Mon 07/29/2013  4:40:14.66 Pass on E:\A80_LOG2013-07-28 send to server 
Mon 07/29/2013  4:40:52.97 Pass on E:\ME302KL_LOG2013-07-28 send to server 
Mon 07/29/2013  4:40:53.44 Pass on E:\P05_LOG2013-07-28 send to server 
Mon 07/29/2013  4:41:01.08 Pass on E:\A86_LOG2013-07-28 send to server 
Mon 07/29/2013  4:43:06.10 Pass on E:\ME302C_LOG2013-07-28 send to server 
Mon 07/29/2013  4:43:19.22 Pass on E:\ME372CG_LOG2013-07-28 send to server 
Mon 07/29/2013  4:43:20.88 Pass on E:\LOG\LOG_ME102A\ME102A_LOG2013-07-28 send to server 
Mon 07/29/2013  4:43:21.27 Pass on E:\LOG\LOG_ME175KG\ME175KG_LOG2013-07-28 send to server 
Mon 07/29/2013  4:43:34.28 Pass on E:\LOG\LOG_ME180A\ME180A_LOG2013-07-28 send to server 
Mon 07/29/2013  4:43:34.78 Pass on E:\ME560CG_LOG2013-07-28 send to server 
Tue 07/30/2013  4:40:42.84 Pass on E:\A80_LOG2013-07-29 send to server 
Tue 07/30/2013  4:46:42.28 Pass on E:\ME302KL_LOG2013-07-29 send to server 
Tue 07/30/2013  4:46:43.20 Pass on E:\P05_LOG2013-07-29 send to server 
Tue 07/30/2013  4:46:57.01 Pass on E:\A86_LOG2013-07-29 send to server 
Tue 07/30/2013  4:59:34.86 Pass on E:\ME302C_LOG2013-07-29 send to server 
Tue 07/30/2013  4:59:47.69 Pass on E:\ME372CG_LOG2013-07-29 send to server 
Tue 07/30/2013  4:59:48.11 Pass on E:\LOG\LOG_ME102A\ME102A_LOG2013-07-29 send to server 
Tue 07/30/2013  4:59:49.09 Pass on E:\LOG\LOG_ME175KG\ME175KG_LOG2013-07-29 send to server 
Tue 07/30/2013  5:00:02.16 Pass on E:\LOG\LOG_ME180A\ME180A_LOG2013-07-29 send to server 
Tue 07/30/2013  5:00:02.61 Pass on E:\ME560CG_LOG2013-07-29 send to server 
Wed 07/31/2013  4:40:32.04 Pass on E:\A80_LOG2013-07-30 send to server 
Wed 07/31/2013  4:47:51.46 Pass on E:\ME302KL_LOG2013-07-30 send to server 
Wed 07/31/2013  4:47:52.60 Pass on E:\P05_LOG2013-07-30 send to server 
Wed 07/31/2013  4:48:19.14 Pass on E:\A86_LOG2013-07-30 send to server 
Wed 07/31/2013  5:10:33.39 Pass on E:\ME302C_LOG2013-07-30 send to server 
Wed 07/31/2013  5:10:35.26 Pass on E:\ME372CG_LOG2013-07-30 send to server 
Wed 07/31/2013  5:10:35.71 Pass on E:\LOG\LOG_ME102A\ME102A_LOG2013-07-30 send to server 
Wed 07/31/2013  5:10:36.12 Pass on E:\LOG\LOG_ME175KG\ME175KG_LOG2013-07-30 send to server 
Wed 07/31/2013  5:10:38.51 Pass on E:\LOG\LOG_ME180A\ME180A_LOG2013-07-30 send to server 
Wed 07/31/2013  5:10:38.90 Pass on E:\ME560CG_LOG2013-07-30 send to server 
Thu 08/01/2013  4:40:24.31 Pass on E:\A80_LOG2013-07-31 send to server 
Thu 08/01/2013  4:44:29.55 Pass on E:\ME302KL_LOG2013-07-31 send to server 
Thu 08/01/2013  4:44:34.94 Pass on E:\P05_LOG2013-07-31 send to server 
Thu 08/01/2013  4:45:04.17 Pass on E:\A86_LOG2013-07-31 send to server 
Thu 08/01/2013  5:03:58.55 Pass on E:\ME302C_LOG2013-07-31 send to server 
Thu 08/01/2013  5:04:03.42 Pass on E:\ME372CG_LOG2013-07-31 send to server 
Thu 08/01/2013  5:04:03.86 Pass on E:\LOG\LOG_ME102A\ME102A_LOG2013-07-31 send to server 
Thu 08/01/2013  5:04:08.40 Pass on E:\LOG\LOG_ME175KG\ME175KG_LOG2013-07-31 send to server 
Thu 08/01/2013  5:04:08.81 Pass on E:\LOG\LOG_ME180A\ME180A_LOG2013-07-31 send to server 
Thu 08/01/2013  5:04:09.23 Pass on E:\ME560CG_LOG2013-07-31 send to server 
Fri 08/02/2013  4:40:10.57 Pass on E:\A80_LOG2013-08-01 send to server 
Fri 08/02/2013  4:47:00.79 Pass on E:\ME302KL_LOG2013-08-01 send to server 
Fri 08/02/2013  4:47:04.60 Pass on E:\P05_LOG2013-08-01 send to server 
Fri 08/02/2013  4:47:38.77 Pass on E:\A86_LOG2013-08-01 send to server 
Fri 08/02/2013  5:02:48.07 Pass on E:\ME302C_LOG2013-08-01 send to server 
Fri 08/02/2013  5:02:53.12 Pass on E:\ME372CG_LOG2013-08-01 send to server 
Fri 08/02/2013  5:02:53.54 Pass on E:\LOG\LOG_ME102A\ME102A_LOG2013-08-01 send to server 
Fri 08/02/2013  5:02:53.93 Pass on E:\LOG\LOG_ME175KG\ME175KG_LOG2013-08-01 send to server 
Fri 08/02/2013  5:02:57.15 Pass on E:\LOG\LOG_ME180A\ME180A_LOG2013-08-01 send to server 
Fri 08/02/2013  5:02:57.57 Pass on E:\ME560CG_LOG2013-08-01 send to server 
Sat 08/03/2013  4:40:10.71 Pass on E:\A80_LOG2013-08-02 send to server 
Sat 08/03/2013  4:48:23.59 Pass on E:\ME302KL_LOG2013-08-02 send to server 
Sat 08/03/2013  4:48:25.76 Pass on E:\P05_LOG2013-08-02 send to server 
Sat 08/03/2013  4:48:45.84 Pass on E:\A86_LOG2013-08-02 send to server 
Sat 08/03/2013  5:00:18.60 Pass on E:\ME302C_LOG2013-08-02 send to server 
Sat 08/03/2013  5:00:19.09 Pass on E:\ME372CG_LOG2013-08-02 send to server 
Sat 08/03/2013  5:00:19.51 Pass on E:\LOG\LOG_ME102A\ME102A_LOG2013-08-02 send to server 
Sat 08/03/2013  5:00:19.95 Pass on E:\LOG\LOG_ME175KG\ME175KG_LOG2013-08-02 send to server 
Sat 08/03/2013  5:00:22.78 Pass on E:\LOG\LOG_ME180A\ME180A_LOG2013-08-02 send to server 
Sat 08/03/2013  5:00:23.18 Pass on E:\ME560CG_LOG2013-08-02 send to server 
Sun 08/04/2013  4:40:02.89 Pass on E:\A80_LOG2013-08-03 send to server 
Sun 08/04/2013  4:44:16.47 Pass on E:\ME302KL_LOG2013-08-03 send to server 
Sun 08/04/2013  4:44:19.22 Pass on E:\P05_LOG2013-08-03 send to server 
Sun 08/04/2013  4:44:31.91 Pass on E:\A86_LOG2013-08-03 send to server 
Sun 08/04/2013  4:48:03.44 Pass on E:\ME302C_LOG2013-08-03 send to server 
Sun 08/04/2013  4:48:03.86 Pass on E:\ME372CG_LOG2013-08-03 send to server 
Sun 08/04/2013  4:48:04.31 Pass on E:\LOG\LOG_ME102A\ME102A_LOG2013-08-03 send to server 
Sun 08/04/2013  4:48:04.70 Pass on E:\LOG\LOG_ME175KG\ME175KG_LOG2013-08-03 send to server 
Sun 08/04/2013  4:48:05.09 Pass on E:\LOG\LOG_ME180A\ME180A_LOG2013-08-03 send to server 
Sun 08/04/2013  4:48:05.51 Pass on E:\ME560CG_LOG2013-08-03 send to server 
Mon 08/05/2013  4:40:01.11 Pass on E:\A80_LOG2013-08-04 send to server 
Mon 08/05/2013  4:40:30.26 Pass on E:\ME302KL_LOG2013-08-04 send to server 
Mon 08/05/2013  4:40:30.64 Pass on E:\P05_LOG2013-08-04 send to server 
Mon 08/05/2013  4:40:31.01 Pass on E:\A86_LOG2013-08-04 send to server 
Mon 08/05/2013  4:40:40.33 Pass on E:\ME302C_LOG2013-08-04 send to server 
Mon 08/05/2013  4:40:40.76 Pass on E:\ME372CG_LOG2013-08-04 send to server 
Mon 08/05/2013  4:40:41.17 Pass on E:\LOG\LOG_ME102A\ME102A_LOG2013-08-04 send to server 
Mon 08/05/2013  4:40:41.58 Pass on E:\LOG\LOG_ME175KG\ME175KG_LOG2013-08-04 send to server 
Mon 08/05/2013  4:40:41.97 Pass on E:\LOG\LOG_ME180A\ME180A_LOG2013-08-04 send to server 
Mon 08/05/2013  4:40:42.34 Pass on E:\ME560CG_LOG2013-08-04 send to server 
Tue 08/06/2013  4:40:06.65 Pass on E:\A80_LOG2013-08-05 send to server 
Tue 08/06/2013  4:42:08.54 Pass on E:\ME302KL_LOG2013-08-05 send to server 
Tue 08/06/2013  4:42:13.06 Pass on E:\P05_LOG2013-08-05 send to server 
Tue 08/06/2013  4:42:24.56 Pass on E:\A86_LOG2013-08-05 send to server 
Tue 08/06/2013  4:55:03.12 Pass on E:\ME302C_LOG2013-08-05 send to server 
Tue 08/06/2013  4:55:03.75 Pass on E:\ME372CG_LOG2013-08-05 send to server 
Tue 08/06/2013  4:55:04.17 Pass on E:\LOG\LOG_ME102A\ME102A_LOG2013-08-05 send to server 
Tue 08/06/2013  4:55:04.58 Pass on E:\LOG\LOG_ME175KG\ME175KG_LOG2013-08-05 send to server 
Tue 08/06/2013  4:55:05.01 Pass on E:\LOG\LOG_ME180A\ME180A_LOG2013-08-05 send to server 
Tue 08/06/2013  4:55:05.43 Pass on E:\ME560CG_LOG2013-08-05 send to server 
Wed 08/07/2013  4:40:06.83 Pass on E:\A80_LOG2013-08-06 send to server 
Wed 08/07/2013  4:47:00.98 Pass on E:\ME302KL_LOG2013-08-06 send to server 
Wed 08/07/2013  4:47:15.16 Pass on E:\P05_LOG2013-08-06 send to server 
Wed 08/07/2013  4:47:28.75 Pass on E:\A86_LOG2013-08-06 send to server 
Wed 08/07/2013  5:06:01.75 Pass on E:\ME302C_LOG2013-08-06 send to server 
Wed 08/07/2013  5:06:02.27 Pass on E:\ME372CG_LOG2013-08-06 send to server 
Wed 08/07/2013  5:06:02.69 Pass on E:\LOG\LOG_ME102A\ME102A_LOG2013-08-06 send to server 
Wed 08/07/2013  5:06:03.12 Pass on E:\LOG\LOG_ME175KG\ME175KG_LOG2013-08-06 send to server 
Wed 08/07/2013  5:06:03.56 Pass on E:\LOG\LOG_ME180A\ME180A_LOG2013-08-06 send to server 
Wed 08/07/2013  5:06:03.97 Pass on E:\ME560CG_LOG2013-08-06 send to server 
Thu 08/08/2013  4:40:02.59 Pass on E:\A80_LOG2013-08-07 send to server 
Thu 08/08/2013  4:50:37.06 Pass on E:\ME302KL_LOG2013-08-07 send to server 
Thu 08/08/2013  4:51:15.28 Pass on E:\P05_LOG2013-08-07 send to server 
Thu 08/08/2013  4:51:31.44 Pass on E:\A86_LOG2013-08-07 send to server 
Thu 08/08/2013  5:11:16.25 Pass on E:\ME302C_LOG2013-08-07 send to server 
Thu 08/08/2013  5:11:16.77 Pass on E:\ME372CG_LOG2013-08-07 send to server 
Thu 08/08/2013  5:11:17.16 Pass on E:\LOG\LOG_ME102A\ME102A_LOG2013-08-07 send to server 
Thu 08/08/2013  5:11:17.56 Pass on E:\LOG\LOG_ME175KG\ME175KG_LOG2013-08-07 send to server 
Thu 08/08/2013  5:11:17.97 Pass on E:\LOG\LOG_ME180A\ME180A_LOG2013-08-07 send to server 
Thu 08/08/2013  5:11:18.39 Pass on E:\ME560CG_LOG2013-08-07 send to server 
Fri 08/09/2013  4:40:05.98 Pass on E:\A80_LOG2013-08-08 send to server 
Fri 08/09/2013  4:47:24.46 Pass on E:\ME302KL_LOG2013-08-08 send to server 
Fri 08/09/2013  4:47:40.60 Pass on E:\P05_LOG2013-08-08 send to server 
Fri 08/09/2013  4:48:16.18 Pass on E:\A86_LOG2013-08-08 send to server 
Fri 08/09/2013  5:02:49.12 Pass on E:\ME302C_LOG2013-08-08 send to server 
Fri 08/09/2013  5:02:49.62 Pass on E:\ME372CG_LOG2013-08-08 send to server 
Fri 08/09/2013  5:02:57.45 Pass on E:\LOG\LOG_ME102A\ME102A_LOG2013-08-08 send to server 
Fri 08/09/2013  5:02:57.92 Pass on E:\LOG\LOG_ME175KG\ME175KG_LOG2013-08-08 send to server 
Fri 08/09/2013  5:02:58.39 Pass on E:\LOG\LOG_ME180A\ME180A_LOG2013-08-08 send to server 
Fri 08/09/2013  5:02:58.81 Pass on E:\ME560CG_LOG2013-08-08 send to server 
Sat 08/10/2013  5:09:32.81 Pass on E:\ME372CG_LOG2013-08-09 send to server 
Sat 08/10/2013  5:11:48.22 Pass on E:\LOG\LOG_ME175KG\ME175KG_LOG2013-08-09 send to server 
Sat 08/10/2013  5:12:09.20 Pass on E:\LOG\LOG_ME180A\ME180A_LOG2013-08-09 send to server 
Sat 08/10/2013  5:12:30.20 Pass on E:\ME560CG_LOG2013-08-09 send to server 
Sun 08/11/2013  4:55:16.06 Pass on E:\ME372CG_LOG2013-08-10 send to server 
Sun 08/11/2013  4:57:27.31 Pass on E:\LOG\LOG_ME175KG\ME175KG_LOG2013-08-10 send to server 
Sun 08/11/2013  4:57:48.41 Pass on E:\LOG\LOG_ME180A\ME180A_LOG2013-08-10 send to server 
Sun 08/11/2013  4:58:09.53 Pass on E:\ME560CG_LOG2013-08-10 send to server 
Mon 08/12/2013  4:40:21.54 Pass on E:\A80_LOG2013-08-11 send to server 
Mon 08/12/2013  4:42:28.52 Pass on E:\P05_LOG2013-08-11 send to server 
Mon 08/12/2013  4:42:49.52 Pass on E:\A86_LOG2013-08-11 send to server 
Mon 08/12/2013  4:43:10.63 Pass on E:\ME302C_LOG2013-08-11 send to server 
Mon 08/12/2013  4:43:31.63 Pass on E:\ME372CG_LOG2013-08-11 send to server 
Mon 08/12/2013  4:43:52.74 Pass on E:\LOG\LOG_ME102A\ME102A_LOG2013-08-11 send to server 
Mon 08/12/2013  4:44:13.85 Pass on E:\LOG\LOG_ME175KG\ME175KG_LOG2013-08-11 send to server 
Mon 08/12/2013  4:44:34.96 Pass on E:\LOG\LOG_ME180A\ME180A_LOG2013-08-11 send to server 
Mon 08/12/2013  4:44:55.96 Pass on E:\ME560CG_LOG2013-08-11 send to server 
Mon 08/12/2013  6:40:01.04 Pass on E:\ME302KL_LOG2013-08-11 send to server 
Mon 08/12/2013  9:34:22.06 Pass on E:\ME302C_LOG2013-08-09 send to server 
Mon 08/12/2013  9:34:46.19 Pass on E:\LOG\LOG_ME102A\ME102A_LOG2013-08-09 send to server 
Mon 08/12/2013  9:49:21.28 Pass on E:\A80_LOG2013-08-09 send to server 
Mon 08/12/2013  9:56:42.64 Pass on E:\ME302KL_LOG2013-08-09 send to server 
Mon 08/12/2013  9:57:31.77 Pass on E:\P05_LOG2013-08-09 send to server 
Mon 08/12/2013  9:58:31.31 Pass on E:\A86_LOG2013-08-09 send to server 
Mon 08/12/2013 10:06:03.17 Pass on E:\A80_LOG2013-08-10 send to server 
Mon 08/12/2013 10:07:59.10 Pass on E:\ME302KL_LOG2013-08-10 send to server 
Mon 08/12/2013 10:08:05.31 Pass on E:\P05_LOG2013-08-10 send to server 
Mon 08/12/2013 10:08:29.99 Pass on E:\A86_LOG2013-08-10 send to server 
Mon 08/12/2013 10:15:17.30 Pass on E:\ME302C_LOG2013-08-10 send to server 
Mon 08/12/2013 10:15:39.60 Pass on E:\LOG\LOG_ME102A\ME102A_LOG2013-08-10 send to server 
Tue 08/13/2013  4:40:34.88 Pass on E:\LOG\LOG_A80\A80_LOG2013-08-12 send to server 
Tue 08/13/2013  4:46:44.25 Pass on E:\LOG\LOG_ME302KL\ME302KL_LOG2013-08-12 send to server 
Tue 08/13/2013  4:46:46.22 Pass on E:\LOG\LOG_P05\P05_LOG2013-08-12 send to server 
Tue 08/13/2013  4:46:57.38 Pass on E:\LOG\LOG_A86\A86_LOG2013-08-12 send to server 
Tue 08/13/2013  4:57:09.20 Pass on E:\LOG\LOG_ME302C\ME302C_LOG2013-08-12 send to server 
Tue 08/13/2013  4:57:09.70 Pass on E:\LOG\LOG_ME372CG\ME372CG_LOG2013-08-12 send to server 
Tue 08/13/2013  4:57:10.78 Pass on E:\LOG\LOG_ME102A\ME102A_LOG2013-08-12 send to server 
Tue 08/13/2013  4:57:11.19 Pass on E:\LOG\LOG_ME175KG\ME175KG_LOG2013-08-12 send to server 
Tue 08/13/2013  4:57:11.66 Pass on E:\LOG\LOG_ME180A\ME180A_LOG2013-08-12 send to server 
Tue 08/13/2013  4:57:12.11 Pass on E:\LOG\LOG_ME560CG\ME560CG_LOG2013-08-12 send to server 
Wed 08/14/2013  4:40:18.79 Pass on E:\LOG\LOG_A80\A80_LOG2013-08-13 send to server 
Wed 08/14/2013  4:48:00.43 Pass on E:\LOG\LOG_ME302KL\ME302KL_LOG2013-08-13 send to server 
Wed 08/14/2013  4:48:16.40 Pass on E:\LOG\LOG_P05\P05_LOG2013-08-13 send to server 
Wed 08/14/2013  4:48:28.26 Pass on E:\LOG\LOG_A86\A86_LOG2013-08-13 send to server 
Wed 08/14/2013  5:01:48.76 Pass on E:\LOG\LOG_ME302C\ME302C_LOG2013-08-13 send to server 
Wed 08/14/2013  5:01:49.20 Pass on E:\LOG\LOG_ME372CG\ME372CG_LOG2013-08-13 send to server 
Wed 08/14/2013  5:01:50.03 Pass on E:\LOG\LOG_ME102A\ME102A_LOG2013-08-13 send to server 
Wed 08/14/2013  5:01:50.43 Pass on E:\LOG\LOG_ME175KG\ME175KG_LOG2013-08-13 send to server 
Wed 08/14/2013  5:01:50.82 Pass on E:\LOG\LOG_ME180A\ME180A_LOG2013-08-13 send to server 
Wed 08/14/2013  5:01:51.23 Pass on E:\LOG\LOG_ME560CG\ME560CG_LOG2013-08-13 send to server 
Thu 08/15/2013  4:40:06.38 Pass on E:\LOG\LOG_A80\A80_LOG2013-08-14 send to server 
Thu 08/15/2013  4:45:41.24 Pass on E:\LOG\LOG_ME302KL\ME302KL_LOG2013-08-14 send to server 
Thu 08/15/2013  4:45:47.07 Pass on E:\LOG\LOG_P05\P05_LOG2013-08-14 send to server 
Thu 08/15/2013  4:45:59.87 Pass on E:\LOG\LOG_A86\A86_LOG2013-08-14 send to server 
Thu 08/15/2013  4:59:29.02 Pass on E:\LOG\LOG_ME302C\ME302C_LOG2013-08-14 send to server 
Thu 08/15/2013  4:59:29.60 Pass on E:\LOG\LOG_ME372CG\ME372CG_LOG2013-08-14 send to server 
Thu 08/15/2013  4:59:49.27 Pass on E:\LOG\LOG_ME102A\ME102A_LOG2013-08-14 send to server 
Thu 08/15/2013  4:59:49.76 Pass on E:\LOG\LOG_ME175KG\ME175KG_LOG2013-08-14 send to server 
Thu 08/15/2013  4:59:50.32 Pass on E:\LOG\LOG_ME180A\ME180A_LOG2013-08-14 send to server 
Thu 08/15/2013  4:59:50.54 Pass on E:\LOG\LOG_ME560CG\ME560CG_LOG2013-08-14 send to server 
Fri 08/16/2013  4:40:04.98 Pass on E:\LOG\LOG_A80\A80_LOG2013-08-15 send to server 
Fri 08/16/2013  4:46:33.18 Pass on E:\LOG\LOG_ME302KL\ME302KL_LOG2013-08-15 send to server 
Fri 08/16/2013  4:46:37.78 Pass on E:\LOG\LOG_P05\P05_LOG2013-08-15 send to server 
Fri 08/16/2013  4:47:09.76 Pass on E:\LOG\LOG_A86\A86_LOG2013-08-15 send to server 
Fri 08/16/2013  4:58:04.81 Pass on E:\LOG\LOG_ME302C\ME302C_LOG2013-08-15 send to server 
Fri 08/16/2013  4:58:05.29 Pass on E:\LOG\LOG_ME372CG\ME372CG_LOG2013-08-15 send to server 
Fri 08/16/2013  4:58:20.79 Pass on E:\LOG\LOG_ME102A\ME102A_LOG2013-08-15 send to server 
Fri 08/16/2013  4:58:21.18 Pass on E:\LOG\LOG_ME175KG\ME175KG_LOG2013-08-15 send to server 
Fri 08/16/2013  4:58:21.59 Pass on E:\LOG\LOG_ME180A\ME180A_LOG2013-08-15 send to server 
Fri 08/16/2013  4:58:21.98 Pass on E:\LOG\LOG_ME560CG\ME560CG_LOG2013-08-15 send to server 
Sat 08/17/2013  4:40:01.94 Pass on E:\LOG\LOG_A80\A80_LOG2013-08-16 send to server 
Sat 08/17/2013  5:57:19.35 Pass on E:\LOG\LOG_ME372CG\ME372CG_LOG2013-08-16 send to server 
Sat 08/17/2013  6:06:49.71 Pass on E:\LOG\LOG_ME175KG\ME175KG_LOG2013-08-16 send to server 
Sat 08/17/2013  6:06:50.43 Pass on E:\LOG\LOG_ME180A\ME180A_LOG2013-08-16 send to server 
Sat 08/17/2013  6:06:51.13 Pass on E:\LOG\LOG_ME560CG\ME560CG_LOG2013-08-16 send to server 
Sun 08/18/2013  4:40:01.38 Pass on E:\LOG\LOG_A80\A80_LOG2013-08-17 send to server 
Sun 08/18/2013  4:44:26.89 Pass on E:\LOG\LOG_ME302KL\ME302KL_LOG2013-08-17 send to server 
Sun 08/18/2013  4:44:33.67 Pass on E:\LOG\LOG_P05\P05_LOG2013-08-17 send to server 
Sun 08/18/2013  4:47:17.30 Pass on E:\LOG\LOG_A86\A86_LOG2013-08-17 send to server 
Sun 08/18/2013  4:53:41.56 Pass on E:\LOG\LOG_ME302C\ME302C_LOG2013-08-17 send to server 
Sun 08/18/2013  4:53:42.05 Pass on E:\LOG\LOG_ME372CG\ME372CG_LOG2013-08-17 send to server 
Sun 08/18/2013  4:54:04.78 Pass on E:\LOG\LOG_ME102A\ME102A_LOG2013-08-17 send to server 
Sun 08/18/2013  4:54:05.17 Pass on E:\LOG\LOG_ME175KG\ME175KG_LOG2013-08-17 send to server 
Sun 08/18/2013  4:54:05.58 Pass on E:\LOG\LOG_ME180A\ME180A_LOG2013-08-17 send to server 
Sun 08/18/2013  4:54:06.00 Pass on E:\LOG\LOG_ME560CG\ME560CG_LOG2013-08-17 send to server 
Mon 08/19/2013  4:40:01.42 Pass on E:\LOG\LOG_A80\A80_LOG2013-08-18 send to server 
Mon 08/19/2013  4:40:05.95 Pass on E:\LOG\LOG_ME302KL\ME302KL_LOG2013-08-18 send to server 
Mon 08/19/2013  4:40:06.36 Pass on E:\LOG\LOG_P05\P05_LOG2013-08-18 send to server 
Mon 08/19/2013  4:40:45.68 Pass on E:\LOG\LOG_A86\A86_LOG2013-08-18 send to server 
Mon 08/19/2013  4:41:24.06 Pass on E:\LOG\LOG_ME302C\ME302C_LOG2013-08-18 send to server 
Mon 08/19/2013  4:41:24.45 Pass on E:\LOG\LOG_ME372CG\ME372CG_LOG2013-08-18 send to server 
Mon 08/19/2013  4:41:24.84 Pass on E:\LOG\LOG_ME102A\ME102A_LOG2013-08-18 send to server 
Mon 08/19/2013  4:41:25.23 Pass on E:\LOG\LOG_ME175KG\ME175KG_LOG2013-08-18 send to server 
Mon 08/19/2013  4:41:25.64 Pass on E:\LOG\LOG_ME180A\ME180A_LOG2013-08-18 send to server 
Mon 08/19/2013  4:41:26.01 Pass on E:\LOG\LOG_ME560CG\ME560CG_LOG2013-08-18 send to server 
Mon 08/19/2013  9:41:09.31 Pass on E:\LOG\LOG_ME302KL\ME302KL_LOG2013-08-16 send to server 
Mon 08/19/2013  9:42:20.83 Pass on E:\LOG\LOG_P05\P05_LOG2013-08-16 send to server 
Mon 08/19/2013  9:47:13.86 Pass on E:\LOG\LOG_A86\A86_LOG2013-08-16 send to server 
Mon 08/19/2013 10:05:08.50 Pass on E:\LOG\LOG_ME302C\ME302C_LOG2013-08-16 send to server 
Mon 08/19/2013 10:06:10.28 Pass on E:\LOG\LOG_ME102A\ME102A_LOG2013-08-16 send to server 
Tue 08/20/2013  4:41:44.14 Pass on E:\LOG\LOG_A80\A80_LOG2013-08-19 send to server 
Tue 08/20/2013  4:48:24.47 Pass on E:\LOG\LOG_ME302KL\ME302KL_LOG2013-08-19 send to server 
Tue 08/20/2013  4:48:27.73 Pass on E:\LOG\LOG_P05\P05_LOG2013-08-19 send to server 
Tue 08/20/2013  4:49:53.45 Pass on E:\LOG\LOG_A86\A86_LOG2013-08-19 send to server 
Tue 08/20/2013  5:02:19.81 Pass on E:\LOG\LOG_ME302C\ME302C_LOG2013-08-19 send to server 
Tue 08/20/2013  5:02:29.20 Pass on E:\LOG\LOG_ME372CG\ME372CG_LOG2013-08-19 send to server 
Tue 08/20/2013  5:02:40.80 Pass on E:\LOG\LOG_ME102A\ME102A_LOG2013-08-19 send to server 
Tue 08/20/2013  5:02:41.25 Pass on E:\LOG\LOG_ME175KG\ME175KG_LOG2013-08-19 send to server 
Tue 08/20/2013  5:02:41.72 Pass on E:\LOG\LOG_ME180A\ME180A_LOG2013-08-19 send to server 
Tue 08/20/2013  5:02:43.55 Pass on E:\LOG\LOG_ME560CG\ME560CG_LOG2013-08-19 send to server 
Wed 08/21/2013  4:41:19.93 Pass on E:\LOG\LOG_A80\A80_LOG2013-08-20 send to server 
Wed 08/21/2013  4:48:40.56 Pass on E:\LOG\LOG_ME302KL\ME302KL_LOG2013-08-20 send to server 
Wed 08/21/2013  4:50:56.45 Pass on E:\LOG\LOG_P05\P05_LOG2013-08-20 send to server 
Wed 08/21/2013  4:52:38.14 Pass on E:\LOG\LOG_A86\A86_LOG2013-08-20 send to server 
Wed 08/21/2013  5:11:56.78 Pass on E:\LOG\LOG_ME372CG\ME372CG_LOG2013-08-20 send to server 
Wed 08/21/2013  5:12:02.50 Pass on E:\LOG\LOG_ME102A\ME102A_LOG2013-08-20 send to server 
Wed 08/21/2013  5:12:04.14 Pass on E:\LOG\LOG_ME175KG\ME175KG_LOG2013-08-20 send to server 
Wed 08/21/2013  5:12:30.95 Pass on E:\LOG\LOG_ME180A\ME180A_LOG2013-08-20 send to server 
Wed 08/21/2013  5:12:31.39 Pass on E:\LOG\LOG_ME560CG\ME560CG_LOG2013-08-20 send to server 
Wed 08/21/2013  6:54:16.42 Pass on E:\LOG\LOG_ME302C\ME302C_LOG2013-08-20 send to server 
Thu 08/22/2013  4:42:03.89 Pass on E:\LOG\LOG_A80\A80_LOG2013-08-21 send to server 
Thu 08/22/2013  4:45:51.75 Pass on E:\LOG\LOG_ME302KL\ME302KL_LOG2013-08-21 send to server 
Thu 08/22/2013  4:47:32.06 Pass on E:\LOG\LOG_P05\P05_LOG2013-08-21 send to server 
Thu 08/22/2013  4:48:39.98 Pass on E:\LOG\LOG_A86\A86_LOG2013-08-21 send to server 
Thu 08/22/2013  5:05:08.47 Pass on E:\LOG\LOG_ME302C\ME302C_LOG2013-08-21 send to server 
Thu 08/22/2013  5:06:16.14 Pass on E:\LOG\LOG_ME372CG\ME372CG_LOG2013-08-21 send to server 
Thu 08/22/2013  5:06:32.65 Pass on E:\LOG\LOG_ME102A\ME102A_LOG2013-08-21 send to server 
Thu 08/22/2013  5:07:37.75 Pass on E:\LOG\LOG_ME175KG\ME175KG_LOG2013-08-21 send to server 
Thu 08/22/2013  5:08:13.83 Pass on E:\LOG\LOG_ME180A\ME180A_LOG2013-08-21 send to server 
Thu 08/22/2013  5:08:14.25 Pass on E:\LOG\LOG_ME560CG\ME560CG_LOG2013-08-21 send to server 
Fri 08/23/2013  4:40:59.45 Pass on E:\LOG\LOG_A80\A80_LOG2013-08-22 send to server 
Fri 08/23/2013  4:41:52.14 Pass on E:\LOG\LOG_ME302KL\ME302KL_LOG2013-08-22 send to server 
Fri 08/23/2013  4:41:59.90 Pass on E:\LOG\LOG_P05\P05_LOG2013-08-22 send to server 
Fri 08/23/2013  4:42:25.67 Pass on E:\LOG\LOG_A86\A86_LOG2013-08-22 send to server 
Fri 08/23/2013  4:48:05.36 Pass on E:\LOG\LOG_ME302C\ME302C_LOG2013-08-22 send to server 
Fri 08/23/2013  4:48:18.62 Pass on E:\LOG\LOG_ME372CG\ME372CG_LOG2013-08-22 send to server 
Fri 08/23/2013  4:48:24.37 Pass on E:\LOG\LOG_ME102A\ME102A_LOG2013-08-22 send to server 
Fri 08/23/2013  4:48:50.86 Pass on E:\LOG\LOG_ME175KG\ME175KG_LOG2013-08-22 send to server 
Fri 08/23/2013  4:49:16.11 Pass on E:\LOG\LOG_ME180A\ME180A_LOG2013-08-22 send to server 
Fri 08/23/2013  4:49:16.53 Pass on E:\LOG\LOG_ME560CG\ME560CG_LOG2013-08-22 send to server 
Sat 08/24/2013  4:41:13.26 Pass on E:\LOG\LOG_A80\A80_LOG2013-08-23 send to server 
Sat 08/24/2013  4:50:58.91 Pass on E:\LOG\LOG_ME302KL\ME302KL_LOG2013-08-23 send to server 
Sat 08/24/2013  4:51:21.47 Pass on E:\LOG\LOG_P05\P05_LOG2013-08-23 send to server 
Sat 08/24/2013  4:59:06.71 Pass on E:\LOG\LOG_A86\A86_LOG2013-08-23 send to server 
Sat 08/24/2013  5:22:50.65 Pass on E:\LOG\LOG_ME302C\ME302C_LOG2013-08-23 send to server 
Sat 08/24/2013  5:25:38.54 Pass on E:\LOG\LOG_ME372CG\ME372CG_LOG2013-08-23 send to server 
Sat 08/24/2013  5:25:52.71 Pass on E:\LOG\LOG_ME102A\ME102A_LOG2013-08-23 send to server 
Sat 08/24/2013  5:27:54.52 Pass on E:\LOG\LOG_ME175KG\ME175KG_LOG2013-08-23 send to server 
Sat 08/24/2013  5:28:43.72 Pass on E:\LOG\LOG_ME180A\ME180A_LOG2013-08-23 send to server 
Sat 08/24/2013  5:28:44.16 Pass on E:\LOG\LOG_ME560CG\ME560CG_LOG2013-08-23 send to server 
Sun 08/25/2013  4:40:22.06 Pass on E:\LOG\LOG_A80\A80_LOG2013-08-24 send to server 
Sun 08/25/2013  4:47:26.29 Pass on E:\LOG\LOG_ME302KL\ME302KL_LOG2013-08-24 send to server 
Sun 08/25/2013  4:48:18.50 Pass on E:\LOG\LOG_P05\P05_LOG2013-08-24 send to server 
Sun 08/25/2013  4:54:48.47 Pass on E:\LOG\LOG_A86\A86_LOG2013-08-24 send to server 
Sun 08/25/2013  5:03:32.73 Pass on E:\LOG\LOG_ME302C\ME302C_LOG2013-08-24 send to server 
Sun 08/25/2013  5:06:48.97 Pass on E:\LOG\LOG_ME372CG\ME372CG_LOG2013-08-24 send to server 
Sun 08/25/2013  5:07:01.58 Pass on E:\LOG\LOG_ME102A\ME102A_LOG2013-08-24 send to server 
Sun 08/25/2013  5:07:55.36 Pass on E:\LOG\LOG_ME175KG\ME175KG_LOG2013-08-24 send to server 
Sun 08/25/2013  5:08:24.22 Pass on E:\LOG\LOG_ME180A\ME180A_LOG2013-08-24 send to server 
Sun 08/25/2013  5:08:24.65 Pass on E:\LOG\LOG_ME560CG\ME560CG_LOG2013-08-24 send to server 
Mon 08/26/2013  4:40:04.57 Pass on E:\LOG\LOG_A80\A80_LOG2013-08-25 send to server 
Mon 08/26/2013  4:40:48.20 Pass on E:\LOG\LOG_ME302KL\ME302KL_LOG2013-08-25 send to server 
Mon 08/26/2013  4:40:48.73 Pass on E:\LOG\LOG_P05\P05_LOG2013-08-25 send to server 
Mon 08/26/2013  4:43:23.35 Pass on E:\LOG\LOG_A86\A86_LOG2013-08-25 send to server 
Mon 08/26/2013  4:43:27.57 Pass on E:\LOG\LOG_ME302C\ME302C_LOG2013-08-25 send to server 
Mon 08/26/2013  4:44:06.48 Pass on E:\LOG\LOG_ME372CG\ME372CG_LOG2013-08-25 send to server 
Mon 08/26/2013  4:44:09.96 Pass on E:\LOG\LOG_ME102A\ME102A_LOG2013-08-25 send to server 
Mon 08/26/2013  4:45:42.60 Pass on E:\LOG\LOG_ME175KG\ME175KG_LOG2013-08-25 send to server 
Mon 08/26/2013  4:45:42.84 Pass on E:\LOG\LOG_ME180A\ME180A_LOG2013-08-25 send to server 
Mon 08/26/2013  4:45:43.30 Pass on E:\LOG\LOG_ME560CG\ME560CG_LOG2013-08-25 send to server 
Tue 08/27/2013  4:40:05.07 Pass on E:\LOG\LOG_A80\A80_LOG2013-08-26 send to server 
Tue 08/27/2013  4:46:13.10 Pass on E:\LOG\LOG_ME302KL\ME302KL_LOG2013-08-26 send to server 
Tue 08/27/2013  4:47:19.30 Pass on E:\LOG\LOG_P05\P05_LOG2013-08-26 send to server 
Tue 08/27/2013  4:52:13.78 Pass on E:\LOG\LOG_A86\A86_LOG2013-08-26 send to server 
Tue 08/27/2013  5:09:58.80 Pass on E:\LOG\LOG_ME302C\ME302C_LOG2013-08-26 send to server 
Tue 08/27/2013  5:10:15.35 Pass on E:\LOG\LOG_ME372CG\ME372CG_LOG2013-08-26 send to server 
Tue 08/27/2013  5:10:28.92 Pass on E:\LOG\LOG_ME102A\ME102A_LOG2013-08-26 send to server 
Tue 08/27/2013  5:11:09.25 Pass on E:\LOG\LOG_ME175KG\ME175KG_LOG2013-08-26 send to server 
Tue 08/27/2013  5:11:15.60 Pass on E:\LOG\LOG_ME180A\ME180A_LOG2013-08-26 send to server 
Tue 08/27/2013  5:11:19.55 Pass on E:\LOG\LOG_ME560CG\ME560CG_LOG2013-08-26 send to server 
Wed 08/28/2013  4:40:17.72 Pass on E:\LOG\LOG_A80\A80_LOG2013-08-27 send to server 
Wed 08/28/2013  4:42:52.83 Pass on E:\LOG\LOG_ME302KL\ME302KL_LOG2013-08-27 send to server 
Wed 08/28/2013  4:44:46.38 Pass on E:\LOG\LOG_P05\P05_LOG2013-08-27 send to server 
Wed 08/28/2013  4:51:34.27 Pass on E:\LOG\LOG_A86\A86_LOG2013-08-27 send to server 
Wed 08/28/2013  5:10:29.06 Pass on E:\LOG\LOG_ME302C\ME302C_LOG2013-08-27 send to server 
Wed 08/28/2013  5:11:10.05 Pass on E:\LOG\LOG_ME372CG\ME372CG_LOG2013-08-27 send to server 
Wed 08/28/2013  5:11:18.45 Pass on E:\LOG\LOG_ME102A\ME102A_LOG2013-08-27 send to server 
Wed 08/28/2013  5:12:03.11 Pass on E:\LOG\LOG_ME175KG\ME175KG_LOG2013-08-27 send to server 
Wed 08/28/2013  5:12:54.52 Pass on E:\LOG\LOG_ME180A\ME180A_LOG2013-08-27 send to server 
Wed 08/28/2013  5:13:13.59 Pass on E:\LOG\LOG_ME560CG\ME560CG_LOG2013-08-27 send to server 
Thu 08/29/2013  4:40:23.80 Pass on E:\LOG\LOG_A80\A80_LOG2013-08-28 send to server 
Thu 08/29/2013  4:44:19.08 Pass on E:\LOG\LOG_ME302KL\ME302KL_LOG2013-08-28 send to server 
Thu 08/29/2013  4:46:00.77 Pass on E:\LOG\LOG_P05\P05_LOG2013-08-28 send to server 
Thu 08/29/2013  4:52:09.14 Pass on E:\LOG\LOG_A86\A86_LOG2013-08-28 send to server 
Thu 08/29/2013  5:10:38.64 Pass on E:\LOG\LOG_ME302C\ME302C_LOG2013-08-28 send to server 
Thu 08/29/2013  5:12:41.99 Pass on E:\LOG\LOG_ME372CG\ME372CG_LOG2013-08-28 send to server 
Thu 08/29/2013  5:12:47.99 Pass on E:\LOG\LOG_ME102A\ME102A_LOG2013-08-28 send to server 
Thu 08/29/2013  5:12:50.07 Pass on E:\LOG\LOG_ME175KG\ME175KG_LOG2013-08-28 send to server 
Thu 08/29/2013  5:13:35.47 Pass on E:\LOG\LOG_ME180A\ME180A_LOG2013-08-28 send to server 
Thu 08/29/2013  5:14:38.63 Pass on E:\LOG\LOG_ME560CG\ME560CG_LOG2013-08-28 send to server 
Fri 08/30/2013  4:44:44.18 Pass on E:\LOG\LOG_A80\A80_LOG2013-08-29 send to server 
Fri 08/30/2013  4:51:28.16 Pass on E:\LOG\LOG_ME302KL\ME302KL_LOG2013-08-29 send to server 
Fri 08/30/2013  4:53:44.40 Pass on E:\LOG\LOG_P05\P05_LOG2013-08-29 send to server 
Fri 08/30/2013  4:57:39.19 Pass on E:\LOG\LOG_A86\A86_LOG2013-08-29 send to server 
Fri 08/30/2013  5:24:27.55 Pass on E:\LOG\LOG_ME302C\ME302C_LOG2013-08-29 send to server 
Fri 08/30/2013  5:29:35.90 Pass on E:\LOG\LOG_ME372CG\ME372CG_LOG2013-08-29 send to server 
Fri 08/30/2013  5:30:09.41 Pass on E:\LOG\LOG_ME102A\ME102A_LOG2013-08-29 send to server 
Fri 08/30/2013  5:30:09.82 Pass on E:\LOG\LOG_ME175KG\ME175KG_LOG2013-08-29 send to server 
Fri 08/30/2013  5:30:38.07 Pass on E:\LOG\LOG_ME180A\ME180A_LOG2013-08-29 send to server 
Fri 08/30/2013  5:31:27.57 Pass on E:\LOG\LOG_ME560CG\ME560CG_LOG2013-08-29 send to server 
Sat 08/31/2013  4:45:16.63 Pass on E:\LOG\LOG_A80\A80_LOG2013-08-30 send to server 
Sat 08/31/2013  4:53:30.28 Pass on E:\LOG\LOG_ME302KL\ME302KL_LOG2013-08-30 send to server 
Sat 08/31/2013  4:53:50.22 Pass on E:\LOG\LOG_P05\P05_LOG2013-08-30 send to server 
Sat 08/31/2013  4:56:54.72 Pass on E:\LOG\LOG_A86\A86_LOG2013-08-30 send to server 
Sat 08/31/2013  5:15:43.95 Pass on E:\LOG\LOG_ME302C\ME302C_LOG2013-08-30 send to server 
Sat 08/31/2013  5:24:22.72 Pass on E:\LOG\LOG_ME372CG\ME372CG_LOG2013-08-30 send to server 
Sat 08/31/2013  5:24:33.38 Pass on E:\LOG\LOG_ME102A\ME102A_LOG2013-08-30 send to server 
Sat 08/31/2013  5:24:33.85 Pass on E:\LOG\LOG_ME175KG\ME175KG_LOG2013-08-30 send to server 
Sat 08/31/2013  5:25:37.64 Pass on E:\LOG\LOG_ME180A\ME180A_LOG2013-08-30 send to server 
Sat 08/31/2013  5:26:26.81 Pass on E:\LOG\LOG_ME560CG\ME560CG_LOG2013-08-30 send to server 
Sun 09/01/2013  4:42:21.14 Pass on E:\LOG\LOG_A80\A80_LOG2013-08-31 send to server 
Sun 09/01/2013  4:45:00.78 Pass on E:\LOG\LOG_ME302KL\ME302KL_LOG2013-08-31 send to server 
Sun 09/01/2013  4:45:08.78 Pass on E:\LOG\LOG_P05\P05_LOG2013-08-31 send to server 
Sun 09/01/2013  4:50:11.42 Pass on E:\LOG\LOG_A86\A86_LOG2013-08-31 send to server 
Sun 09/01/2013  4:58:13.12 Pass on E:\LOG\LOG_ME302C\ME302C_LOG2013-08-31 send to server 
Sun 09/01/2013  5:06:01.70 Pass on E:\LOG\LOG_ME372CG\ME372CG_LOG2013-08-31 send to server 
Sun 09/01/2013  5:06:20.92 Pass on E:\LOG\LOG_ME102A\ME102A_LOG2013-08-31 send to server 
Sun 09/01/2013  5:06:21.40 Pass on E:\LOG\LOG_ME175KG\ME175KG_LOG2013-08-31 send to server 
Sun 09/01/2013  5:06:56.40 Pass on E:\LOG\LOG_ME180A\ME180A_LOG2013-08-31 send to server 
Sun 09/01/2013  5:07:42.04 Pass on E:\LOG\LOG_ME560CG\ME560CG_LOG2013-08-31 send to server 
Mon 09/02/2013  4:40:27.60 Pass on E:\LOG\LOG_A80\A80_LOG2013-09-01 send to server 
Mon 09/02/2013  4:41:30.87 Pass on E:\LOG\LOG_ME302KL\ME302KL_LOG2013-09-01 send to server 
Mon 09/02/2013  4:41:31.73 Pass on E:\LOG\LOG_P05\P05_LOG2013-09-01 send to server 
Mon 09/02/2013  4:43:38.29 Pass on E:\LOG\LOG_A86\A86_LOG2013-09-01 send to server 
Mon 09/02/2013  4:45:04.26 Pass on E:\LOG\LOG_ME302C\ME302C_LOG2013-09-01 send to server 
Mon 09/02/2013  4:50:11.57 Pass on E:\LOG\LOG_ME372CG\ME372CG_LOG2013-09-01 send to server 
Mon 09/02/2013  4:50:23.65 Pass on E:\LOG\LOG_ME102A\ME102A_LOG2013-09-01 send to server 
Mon 09/02/2013  4:50:24.09 Pass on E:\LOG\LOG_ME175KG\ME175KG_LOG2013-09-01 send to server 
Mon 09/02/2013  4:50:35.63 Pass on E:\LOG\LOG_ME180A\ME180A_LOG2013-09-01 send to server 
Mon 09/02/2013  4:50:53.17 Pass on E:\LOG\LOG_ME560CG\ME560CG_LOG2013-09-01 send to server 
Tue 09/03/2013  4:40:43.99 Pass on E:\LOG\LOG_A80\A80_LOG2013-09-02 send to server 
Tue 09/03/2013  4:42:44.44 Pass on E:\LOG\LOG_ME302KL\ME302KL_LOG2013-09-02 send to server 
Tue 09/03/2013  4:42:51.36 Pass on E:\LOG\LOG_P05\P05_LOG2013-09-02 send to server 
Tue 09/03/2013  4:46:49.27 Pass on E:\LOG\LOG_A86\A86_LOG2013-09-02 send to server 
Tue 09/03/2013  5:02:37.36 Pass on E:\LOG\LOG_ME302C\ME302C_LOG2013-09-02 send to server 
Tue 09/03/2013  5:08:13.51 Pass on E:\LOG\LOG_ME372CG\ME372CG_LOG2013-09-02 send to server 
Tue 09/03/2013  5:08:18.57 Pass on E:\LOG\LOG_ME102A\ME102A_LOG2013-09-02 send to server 
Tue 09/03/2013  5:08:19.07 Pass on E:\LOG\LOG_ME175KG\ME175KG_LOG2013-09-02 send to server 
Tue 09/03/2013  5:08:30.40 Pass on E:\LOG\LOG_ME180A\ME180A_LOG2013-09-02 send to server 
Tue 09/03/2013  5:09:21.27 Pass on E:\LOG\LOG_ME560CG\ME560CG_LOG2013-09-02 send to server 
Wed 09/04/2013  4:41:48.74 Pass on E:\LOG\LOG_A80\A80_LOG2013-09-03 send to server 
Wed 09/04/2013  4:48:56.30 Pass on E:\LOG\LOG_ME302KL\ME302KL_LOG2013-09-03 send to server 
Wed 09/04/2013  4:49:02.27 Pass on E:\LOG\LOG_P05\P05_LOG2013-09-03 send to server 
Wed 09/04/2013  4:53:30.11 Pass on E:\LOG\LOG_A86\A86_LOG2013-09-03 send to server 
Wed 09/04/2013  5:07:34.72 Pass on E:\LOG\LOG_ME302C\ME302C_LOG2013-09-03 send to server 
Wed 09/04/2013  5:20:12.02 Pass on E:\LOG\LOG_ME372CG\ME372CG_LOG2013-09-03 send to server 
Wed 09/04/2013  5:21:01.69 Pass on E:\LOG\LOG_ME102A\ME102A_LOG2013-09-03 send to server 
Wed 09/04/2013  5:21:02.13 Pass on E:\LOG\LOG_ME175KG\ME175KG_LOG2013-09-03 send to server 
Wed 09/04/2013  5:21:13.04 Pass on E:\LOG\LOG_ME180A\ME180A_LOG2013-09-03 send to server 
Wed 09/04/2013  5:22:12.58 Pass on E:\LOG\LOG_ME560CG\ME560CG_LOG2013-09-03 send to server 
Thu 09/05/2013  4:41:50.83 Pass on E:\LOG\LOG_A80\A80_LOG2013-09-04 send to server 
Thu 09/05/2013  4:49:36.41 Pass on E:\LOG\LOG_ME302KL\ME302KL_LOG2013-09-04 send to server 
Thu 09/05/2013  4:49:37.19 Pass on E:\LOG\LOG_P05\P05_LOG2013-09-04 send to server 
Thu 09/05/2013  4:51:09.36 Pass on E:\LOG\LOG_A86\A86_LOG2013-09-04 send to server 
Thu 09/05/2013  5:06:10.41 Pass on E:\LOG\LOG_ME302C\ME302C_LOG2013-09-04 send to server 
Thu 09/05/2013  5:20:38.61 Pass on E:\LOG\LOG_ME372CG\ME372CG_LOG2013-09-04 send to server 
Thu 09/05/2013  5:21:07.16 Pass on E:\LOG\LOG_ME102A\ME102A_LOG2013-09-04 send to server 
Thu 09/05/2013  5:21:07.55 Pass on E:\LOG\LOG_ME175KG\ME175KG_LOG2013-09-04 send to server 
Thu 09/05/2013  5:21:19.37 Pass on E:\LOG\LOG_ME180A\ME180A_LOG2013-09-04 send to server 
Thu 09/05/2013  5:22:34.41 Pass on E:\LOG\LOG_ME560CG\ME560CG_LOG2013-09-04 send to server 
Fri 09/06/2013  4:40:33.95 Pass on E:\LOG\LOG_A80\A80_LOG2013-09-05 send to server 
Fri 09/06/2013  4:44:51.27 Pass on E:\LOG\LOG_ME302KL\ME302KL_LOG2013-09-05 send to server 
Fri 09/06/2013  4:44:53.78 Pass on E:\LOG\LOG_P05\P05_LOG2013-09-05 send to server 
Fri 09/06/2013  4:46:06.42 Pass on E:\LOG\LOG_A86\A86_LOG2013-09-05 send to server 
Fri 09/06/2013  5:04:47.23 Pass on E:\LOG\LOG_ME302C\ME302C_LOG2013-09-05 send to server 
Fri 09/06/2013  5:19:23.80 Pass on E:\LOG\LOG_ME372CG\ME372CG_LOG2013-09-05 send to server 
Fri 09/06/2013  5:19:42.34 Pass on E:\LOG\LOG_ME102A\ME102A_LOG2013-09-05 send to server 
Fri 09/06/2013  5:19:42.72 Pass on E:\LOG\LOG_ME175KG\ME175KG_LOG2013-09-05 send to server 
Fri 09/06/2013  5:20:03.58 Pass on E:\LOG\LOG_ME180A\ME180A_LOG2013-09-05 send to server 
Fri 09/06/2013  5:21:04.58 Pass on E:\LOG\LOG_ME560CG\ME560CG_LOG2013-09-05 send to server 
Sat 09/07/2013  4:41:15.70 Pass on E:\LOG\LOG_A80\A80_LOG2013-09-06 send to server 
Sat 09/07/2013  4:51:56.15 Pass on E:\LOG\LOG_ME302KL\ME302KL_LOG2013-09-06 send to server 
Sat 09/07/2013  4:51:56.63 Pass on E:\LOG\LOG_P05\P05_LOG2013-09-06 send to server 
Sat 09/07/2013  4:56:30.04 Pass on E:\LOG\LOG_A86\A86_LOG2013-09-06 send to server 
Sat 09/07/2013  5:12:39.98 Pass on E:\LOG\LOG_ME302C\ME302C_LOG2013-09-06 send to server 
Sat 09/07/2013  5:30:32.43 Pass on E:\LOG\LOG_ME372CG\ME372CG_LOG2013-09-06 send to server 
Sat 09/07/2013  5:30:50.59 Pass on E:\LOG\LOG_ME102A\ME102A_LOG2013-09-06 send to server 
Sat 09/07/2013  5:30:50.93 Pass on E:\LOG\LOG_ME175KG\ME175KG_LOG2013-09-06 send to server 
Sat 09/07/2013  5:30:53.98 Pass on E:\LOG\LOG_ME180A\ME180A_LOG2013-09-06 send to server 
Sat 09/07/2013  5:31:49.38 Pass on E:\LOG\LOG_ME560CG\ME560CG_LOG2013-09-06 send to server 
Sun 09/08/2013  4:41:04.56 Pass on E:\LOG\LOG_A80\A80_LOG2013-09-07 send to server 
Sun 09/08/2013  4:42:07.62 Pass on E:\LOG\LOG_ME302KL\ME302KL_LOG2013-09-07 send to server 
Sun 09/08/2013  4:43:33.02 Pass on E:\LOG\LOG_P05\P05_LOG2013-09-07 send to server 
Sun 09/08/2013  4:45:06.11 Pass on E:\LOG\LOG_A86\A86_LOG2013-09-07 send to server 
Sun 09/08/2013  4:54:14.78 Pass on E:\LOG\LOG_ME302C\ME302C_LOG2013-09-07 send to server 
Sun 09/08/2013  5:07:14.87 Pass on E:\LOG\LOG_ME372CG\ME372CG_LOG2013-09-07 send to server 
Sun 09/08/2013  5:07:27.02 Pass on E:\LOG\LOG_ME102A\ME102A_LOG2013-09-07 send to server 
Sun 09/08/2013  5:07:27.36 Pass on E:\LOG\LOG_ME175KG\ME175KG_LOG2013-09-07 send to server 
Sun 09/08/2013  5:07:29.31 Pass on E:\LOG\LOG_ME180A\ME180A_LOG2013-09-07 send to server 
Sun 09/08/2013  5:07:55.92 Pass on E:\LOG\LOG_ME560CG\ME560CG_LOG2013-09-07 send to server 
Mon 09/09/2013  4:52:52.70 Pass on E:\LOG\LOG_ME175KG\ME175KG_LOG2013-09-08 send to server 
Mon 09/09/2013 11:46:16.00 Pass on E:\LOG\LOG_A80\A80_LOG2013-09-08 send to server 
Mon 09/09/2013 11:46:22.87 Pass on E:\LOG\LOG_ME302KL\ME302KL_LOG2013-09-08 send to server 
Mon 09/09/2013 11:49:49.47 Pass on E:\LOG\LOG_P05\P05_LOG2013-09-08 send to server 
Mon 09/09/2013 11:50:51.12 Pass on E:\LOG\LOG_A86\A86_LOG2013-09-08 send to server 
Mon 09/09/2013 11:51:03.33 Pass on E:\LOG\LOG_ME302C\ME302C_LOG2013-09-08 send to server 
Mon 09/09/2013 11:58:51.98 Pass on E:\LOG\LOG_A11\A11_LOG2013-09-09 send to server 
Mon 09/09/2013 12:34:21.75 Pass on E:\LOG\LOG_ME372CG\ME372CG_LOG2013-09-08 send to server 
Mon 09/09/2013 12:34:27.08 Pass on E:\LOG\LOG_ME102A\ME102A_LOG2013-09-08 send to server 
Mon 09/09/2013 12:34:28.00 Pass on E:\LOG\LOG_ME180A\ME180A_LOG2013-09-08 send to server 
Mon 09/09/2013 12:34:46.45 Pass on E:\LOG\LOG_ME560CG\ME560CG_LOG2013-09-08 send to server 
Tue 09/10/2013  4:40:59.27 Pass on E:\LOG\LOG_A80\A80_LOG2013-09-09 send to server 
Tue 09/10/2013  4:45:34.34 Pass on E:\LOG\LOG_ME302KL\ME302KL_LOG2013-09-09 send to server 
Tue 09/10/2013  4:47:00.08 Pass on E:\LOG\LOG_P05\P05_LOG2013-09-09 send to server 
Tue 09/10/2013  4:48:31.27 Pass on E:\LOG\LOG_A86\A86_LOG2013-09-09 send to server 
Tue 09/10/2013  4:57:30.66 Pass on E:\LOG\LOG_ME302C\ME302C_LOG2013-09-09 send to server 
Tue 09/10/2013  5:06:16.05 Pass on E:\LOG\LOG_ME372CG\ME372CG_LOG2013-09-09 send to server 
Tue 09/10/2013  5:06:21.59 Pass on E:\LOG\LOG_ME102A\ME102A_LOG2013-09-09 send to server 
Tue 09/10/2013  5:06:21.98 Pass on E:\LOG\LOG_ME175KG\ME175KG_LOG2013-09-09 send to server 
Tue 09/10/2013  5:06:44.61 Pass on E:\LOG\LOG_ME180A\ME180A_LOG2013-09-09 send to server 
Tue 09/10/2013  5:06:48.97 Pass on E:\LOG\LOG_ME560CG\ME560CG_LOG2013-09-09 send to server 
Wed 09/11/2013  4:40:41.95 Pass on E:\LOG\LOG_A80\A80_LOG2013-09-10 send to server 
Wed 09/11/2013  4:41:44.88 Pass on E:\LOG\LOG_A11\A11_LOG2013-09-10 send to server 
Wed 09/11/2013  4:45:48.48 Pass on E:\LOG\LOG_ME302KL\ME302KL_LOG2013-09-10 send to server 
Wed 09/11/2013  4:47:25.77 Pass on E:\LOG\LOG_P05\P05_LOG2013-09-10 send to server 
Wed 09/11/2013  4:49:25.59 Pass on E:\LOG\LOG_A86\A86_LOG2013-09-10 send to server 
Wed 09/11/2013  5:03:17.85 Pass on E:\LOG\LOG_ME302C\ME302C_LOG2013-09-10 send to server 
Wed 09/11/2013  5:16:20.45 Pass on E:\LOG\LOG_ME372CG\ME372CG_LOG2013-09-10 send to server 
Wed 09/11/2013  5:17:36.59 Pass on E:\LOG\LOG_ME102A\ME102A_LOG2013-09-10 send to server 
Wed 09/11/2013  5:17:36.88 Pass on E:\LOG\LOG_ME175KG\ME175KG_LOG2013-09-10 send to server 
Wed 09/11/2013  5:18:12.63 Pass on E:\LOG\LOG_ME180A\ME180A_LOG2013-09-10 send to server 
Wed 09/11/2013  5:18:37.88 Pass on E:\LOG\LOG_ME560CG\ME560CG_LOG2013-09-10 send to server 
Thu 09/12/2013  4:40:25.28 Pass on E:\LOG\LOG_A80\A80_LOG2013-09-11 send to server 
Thu 09/12/2013  4:40:36.84 Pass on E:\LOG\LOG_A11\A11_LOG2013-09-11 send to server 
Thu 09/12/2013  4:50:40.34 Pass on E:\LOG\LOG_ME302KL\ME302KL_LOG2013-09-11 send to server 
Thu 09/12/2013  4:51:50.77 Pass on E:\LOG\LOG_P05\P05_LOG2013-09-11 send to server 
Thu 09/12/2013  4:53:08.74 Pass on E:\LOG\LOG_A86\A86_LOG2013-09-11 send to server 
Thu 09/12/2013  5:06:20.19 Pass on E:\LOG\LOG_ME302C\ME302C_LOG2013-09-11 send to server 
Thu 09/12/2013  5:17:28.49 Pass on E:\LOG\LOG_ME372CG\ME372CG_LOG2013-09-11 send to server 
Thu 09/12/2013  5:17:46.20 Pass on E:\LOG\LOG_ME102A\ME102A_LOG2013-09-11 send to server 
Thu 09/12/2013  5:17:46.55 Pass on E:\LOG\LOG_ME175KG\ME175KG_LOG2013-09-11 send to server 
Thu 09/12/2013  5:17:56.63 Pass on E:\LOG\LOG_ME180A\ME180A_LOG2013-09-11 send to server 
Thu 09/12/2013  5:18:15.16 Pass on E:\LOG\LOG_ME560CG\ME560CG_LOG2013-09-11 send to server 
