Fail on E:\ME302KL_LOG2013-03-14 send to server 
Fail on E:\ME302KL_LOG2013-03-15 send to server 
Fail on E:\ME302KL_LOG2013-03-16 send to server 
Fail on E:\ME302KL_LOG2013-03-17 send to server 
Fail on E:\P05_LOG2013-03-17 send to server 
Fail on E:\ME302KL_LOG2013-03-18 send to server 
Fail on E:\P05_LOG2013-03-24 send to server 
Fail on E:\ME302KL_LOG2013-03-30 send to server 
Fail on E:\ME302KL_LOG2013-03-31 send to server 
Fail on E:\ME302KL_LOG2013-04-03 send to server 
Fail on E:\A80_LOG2013-04-04 send to server 
Fail on E:\ME302KL_LOG2013-04-04 send to server 
Fail on E:\P05_LOG2013-04-04 send to server 
Fail on E:\ME302KL_LOG2013-04-05 send to server 
Fail on E:\P05_LOG2013-04-05 send to server 
Fail on E:\ME302KL_LOG2013-04-06 send to server 
Fail on E:\P05_LOG2013-04-06 send to server 
Fail on E:\ME302KL_LOG2013-04-07 send to server 
Fail on E:\P05_LOG2013-04-07 send to server 
Fail on E:\A80_LOG2013-04-08 send to server 
Fail on E:\P05_LOG2013-04-10 send to server 
Fail on E:\P05_LOG2013-04-10 send to server 
Fail on E:\P05_LOG2013-04-11 send to server 
Fail on E:\P05_LOG2013-04-11 send to server 
Fail on E:\A80_LOG2013-06-08 send to server 
Fail on E:\A80_LOG2013-06-08 send to server 
Fail on E:\A80_LOG2013-06-08 send to server 
Fail on E:\A80_LOG2013-06-08 send to server 
Fail on E:\A80_LOG2013-06-08 send to server 
Fail on E:\A80_LOG2013-06-08 send to server 
Fail on E:\A80_LOG2013-06-10 send to server 
Fail on E:\ME302KL_LOG2013-06-10 send to server 
Fail on E:\A80_LOG2013-06-10 send to server 
Fail on E:\ME302KL_LOG2013-06-10 send to server 
Fail on E:\A80_LOG2013-06-11 send to server 
Fail on E:\ME302KL_LOG2013-06-11 send to server 
Fail on E:\P05_LOG2013-06-11 send to server 
Fail on E:\ME302C_LOG2013-06-11 send to server 
Fail on E:\A80_LOG2013-06-11 send to server 
Fail on E:\ME302KL_LOG2013-06-11 send to server 
Fail on E:\P05_LOG2013-06-11 send to server 
Fail on E:\ME302C_LOG2013-06-11 send to server 
Fail on E:\A80_LOG2013-06-12 send to server 
Fail on E:\A80_LOG2013-06-12 send to server 
Fail on E:\A80_LOG2013-06-08 send to server 
Fail on E:\A80_LOG2013-06-08 send to server 
Fail on E:\A80_LOG2013-08-09 send to server 
Fail on E:\ME302KL_LOG2013-08-09 send to server 
Fail on E:\P05_LOG2013-08-09 send to server 
Fail on E:\A86_LOG2013-08-09 send to server 
Fail on E:\ME302C_LOG2013-08-09 send to server 
Fail on E:\LOG\LOG_ME102A\ME102A_LOG2013-08-09 send to server 
Fail on E:\A80_LOG2013-08-09 send to server 
Fail on E:\ME302KL_LOG2013-08-09 send to server 
Fail on E:\P05_LOG2013-08-09 send to server 
Fail on E:\A86_LOG2013-08-09 send to server 
Fail on E:\ME302C_LOG2013-08-09 send to server 
Fail on E:\LOG\LOG_ME102A\ME102A_LOG2013-08-09 send to server 
Fail on E:\A80_LOG2013-08-10 send to server 
Fail on E:\ME302KL_LOG2013-08-10 send to server 
Fail on E:\P05_LOG2013-08-10 send to server 
Fail on E:\A86_LOG2013-08-10 send to server 
Fail on E:\ME302C_LOG2013-08-10 send to server 
Fail on E:\LOG\LOG_ME102A\ME102A_LOG2013-08-10 send to server 
Fail on E:\A80_LOG2013-08-10 send to server 
Fail on E:\ME302KL_LOG2013-08-10 send to server 
Fail on E:\P05_LOG2013-08-10 send to server 
Fail on E:\A86_LOG2013-08-10 send to server 
Fail on E:\ME302C_LOG2013-08-10 send to server 
Fail on E:\LOG\LOG_ME102A\ME102A_LOG2013-08-10 send to server 
Fail on E:\ME302KL_LOG2013-08-11 send to server 
Fail on E:\A80_LOG2013-08-09 send to server 
Fail on E:\ME302KL_LOG2013-08-09 send to server 
Fail on E:\P05_LOG2013-08-09 send to server 
Fail on E:\A86_LOG2013-08-09 send to server 
Fail on E:\LOG\LOG_ME302KL\ME302KL_LOG2013-08-16 send to server 
Fail on E:\LOG\LOG_P05\P05_LOG2013-08-16 send to server 
Fail on E:\LOG\LOG_A86\A86_LOG2013-08-16 send to server 
Fail on E:\LOG\LOG_ME302C\ME302C_LOG2013-08-16 send to server 
Fail on E:\LOG\LOG_ME102A\ME102A_LOG2013-08-16 send to server 
Fail on E:\LOG\LOG_ME302KL\ME302KL_LOG2013-08-16 send to server 
Fail on E:\LOG\LOG_P05\P05_LOG2013-08-16 send to server 
Fail on E:\LOG\LOG_A86\A86_LOG2013-08-16 send to server 
Fail on E:\LOG\LOG_ME302C\ME302C_LOG2013-08-16 send to server 
Fail on E:\LOG\LOG_ME102A\ME102A_LOG2013-08-16 send to server 
Fail on E:\LOG\LOG_ME302C\ME302C_LOG2013-08-20 send to server 
Fail on E:\LOG\LOG_A80\A80_LOG2013-09-08 send to server 
Fail on E:\LOG\LOG_ME302KL\ME302KL_LOG2013-09-08 send to server 
Fail on E:\LOG\LOG_P05\P05_LOG2013-09-08 send to server 
Fail on E:\LOG\LOG_A86\A86_LOG2013-09-08 send to server 
Fail on E:\LOG\LOG_ME302C\ME302C_LOG2013-09-08 send to server 
Fail on E:\LOG\LOG_ME372CG\ME372CG_LOG2013-09-08 send to server 
Fail on E:\LOG\LOG_ME102A\ME102A_LOG2013-09-08 send to server 
Fail on E:\LOG\LOG_ME180A\ME180A_LOG2013-09-08 send to server 
Fail on E:\LOG\LOG_ME560CG\ME560CG_LOG2013-09-08 send to server 
Fail on E:\LOG\LOG_A80\A80_LOG2013-09-08 send to server 
Fail on E:\LOG\LOG_ME302KL\ME302KL_LOG2013-09-08 send to server 
Fail on E:\LOG\LOG_P05\P05_LOG2013-09-08 send to server 
Fail on E:\LOG\LOG_A86\A86_LOG2013-09-08 send to server 
Fail on E:\LOG\LOG_ME302C\ME302C_LOG2013-09-08 send to server 
Fail on E:\LOG\LOG_ME372CG\ME372CG_LOG2013-09-08 send to server 
Fail on E:\LOG\LOG_ME102A\ME102A_LOG2013-09-08 send to server 
Fail on E:\LOG\LOG_ME180A\ME180A_LOG2013-09-08 send to server 
Fail on E:\LOG\LOG_ME560CG\ME560CG_LOG2013-09-08 send to server 
Fail on E:\LOG\LOG_ME102A\ME102A_LOG2013-09-27 send to server 
Fail on E:\LOG\LOG_A11\A11_LOG2013-10-23 send to server 
Fail on E:\LOG\LOG_A80\A80_LOG2013-12-05 send to server 
Fail on E:\LOG\LOG_A11\A11_LOG2013-12-05 send to server 
Fail on E:\LOG\LOG_A68M\A68M_LOG2013-12-05 send to server 
Fail on E:\LOG\LOG_ME302KL\ME302KL_LOG2013-12-05 send to server 
Fail on E:\LOG\LOG_P05\P05_LOG2013-12-05 send to server 
Fail on E:\LOG\LOG_A86\A86_LOG2013-12-05 send to server 
Fail on E:\LOG\LOG_ME302C\ME302C_LOG2013-12-05 send to server 
Fail on E:\LOG\LOG_ME372CG\ME372CG_LOG2013-12-05 send to server 
Fail on E:\LOG\LOG_ME102A\ME102A_LOG2013-12-05 send to server 
Fail on E:\LOG\LOG_ME175KG\ME175KG_LOG2013-12-05 send to server 
Fail on E:\LOG\LOG_ME180A\ME180A_LOG2013-12-05 send to server 
Fail on E:\LOG\LOG_P71L\P71L_LOG2013-12-05 send to server 
Fail on E:\LOG\LOG_ME560CG\ME560CG_LOG2013-12-05 send to server 
Fail on E:\LOG\LOG_A91\A91_LOG2013-12-05 send to server 
Fail on E:\LOG\LOG_P92L\P92L_LOG2013-12-05 send to server 
Fail on E:\LOG\LOG_A80\A80_LOG2013-12-05 send to server 
Fail on E:\LOG\LOG_A11\A11_LOG2013-12-05 send to server 
Fail on E:\LOG\LOG_A68M\A68M_LOG2013-12-05 send to server 
Fail on E:\LOG\LOG_ME302KL\ME302KL_LOG2013-12-05 send to server 
Fail on E:\LOG\LOG_P05\P05_LOG2013-12-05 send to server 
Fail on E:\LOG\LOG_A86\A86_LOG2013-12-05 send to server 
Fail on E:\LOG\LOG_ME302C\ME302C_LOG2013-12-05 send to server 
Fail on E:\LOG\LOG_ME372CG\ME372CG_LOG2013-12-05 send to server 
Fail on E:\LOG\LOG_ME102A\ME102A_LOG2013-12-05 send to server 
Fail on E:\LOG\LOG_ME175KG\ME175KG_LOG2013-12-05 send to server 
Fail on E:\LOG\LOG_ME180A\ME180A_LOG2013-12-05 send to server 
Fail on E:\LOG\LOG_P71L\P71L_LOG2013-12-05 send to server 
Fail on E:\LOG\LOG_ME560CG\ME560CG_LOG2013-12-05 send to server 
Fail on E:\LOG\LOG_A91\A91_LOG2013-12-05 send to server 
Fail on E:\LOG\LOG_P92L\P92L_LOG2013-12-05 send to server 
Fail on E:\LOG\LOG_A80\A80_LOG2013-12-16 send to server 
Fail on E:\LOG\LOG_A11\A11_LOG2013-12-16 send to server 
Fail on E:\LOG\LOG_P101G\P101G_LOG2013-12-16 send to server 
Fail on E:\LOG\LOG_ME302KL\ME302KL_LOG2013-12-16 send to server 
Fail on E:\LOG\LOG_P05\P05_LOG2013-12-16 send to server 
Fail on E:\LOG\LOG_A86\A86_LOG2013-12-16 send to server 
Fail on E:\LOG\LOG_ME302C\ME302C_LOG2013-12-16 send to server 
Fail on E:\LOG\LOG_ME372CG\ME372CG_LOG2013-12-16 send to server 
Fail on E:\LOG\LOG_ME102A\ME102A_LOG2013-12-16 send to server 
Fail on E:\LOG\LOG_ME175KG\ME175KG_LOG2013-12-16 send to server 
Fail on E:\LOG\LOG_ME180A\ME180A_LOG2013-12-16 send to server 
Fail on E:\LOG\LOG_ME560CG\ME560CG_LOG2013-12-16 send to server 
Fail on E:\LOG\LOG_ME175CG\ME175CG_LOG2013-12-16 send to server 
Fail on E:\LOG\LOG_A91\A91_LOG2013-12-16 send to server 
Fail on E:\LOG\LOG_P92L\P92L_LOG2013-12-16 send to server 
Fail on E:\LOG\LOG_ME372CL\ME372CL_LOG2013-12-16 send to server 
Fail on E:\LOG\LOG_A91_P92L\A91_P92L_LOG2013-12-16 send to server 
Fail on E:\LOG\LOG_A80\A80_LOG2013-12-16 send to server 
Fail on E:\LOG\LOG_A11\A11_LOG2013-12-16 send to server 
Fail on E:\LOG\LOG_P101G\P101G_LOG2013-12-16 send to server 
Fail on E:\LOG\LOG_ME302KL\ME302KL_LOG2013-12-16 send to server 
Fail on E:\LOG\LOG_P05\P05_LOG2013-12-16 send to server 
Fail on E:\LOG\LOG_A86\A86_LOG2013-12-16 send to server 
Fail on E:\LOG\LOG_ME302C\ME302C_LOG2013-12-16 send to server 
Fail on E:\LOG\LOG_ME372CG\ME372CG_LOG2013-12-16 send to server 
Fail on E:\LOG\LOG_ME102A\ME102A_LOG2013-12-16 send to server 
Fail on E:\LOG\LOG_ME175KG\ME175KG_LOG2013-12-16 send to server 
Fail on E:\LOG\LOG_ME180A\ME180A_LOG2013-12-16 send to server 
Fail on E:\LOG\LOG_ME560CG\ME560CG_LOG2013-12-16 send to server 
Fail on E:\LOG\LOG_ME175CG\ME175CG_LOG2013-12-16 send to server 
Fail on E:\LOG\LOG_A91\A91_LOG2013-12-16 send to server 
Fail on E:\LOG\LOG_P92L\P92L_LOG2013-12-16 send to server 
Fail on E:\LOG\LOG_ME372CL\ME372CL_LOG2013-12-16 send to server 
Fail on E:\LOG\LOG_A91_P92L\A91_P92L_LOG2013-12-16 send to server 
Fail on E:\LOG\LOG_A80\A80_LOG2013-12-19 send to server 
Fail on E:\LOG\LOG_A11\A11_LOG2013-12-19 send to server 
Fail on E:\LOG\LOG_A68M\A68M_LOG2013-12-19 send to server 
Fail on E:\LOG\LOG_P101G\P101G_LOG2013-12-19 send to server 
Fail on E:\LOG\LOG_ME302KL\ME302KL_LOG2013-12-19 send to server 
Fail on E:\LOG\LOG_P05\P05_LOG2013-12-19 send to server 
Fail on E:\LOG\LOG_A86\A86_LOG2013-12-19 send to server 
Fail on E:\LOG\LOG_ME302C\ME302C_LOG2013-12-19 send to server 
Fail on E:\LOG\LOG_ME372CG\ME372CG_LOG2013-12-19 send to server 
Fail on E:\LOG\LOG_ME102A\ME102A_LOG2013-12-19 send to server 
Fail on E:\LOG\LOG_ME175KG\ME175KG_LOG2013-12-19 send to server 
Fail on E:\LOG\LOG_ME180A\ME180A_LOG2013-12-19 send to server 
Fail on E:\LOG\LOG_P71L\P71L_LOG2013-12-19 send to server 
Fail on E:\LOG\LOG_ME560CG\ME560CG_LOG2013-12-19 send to server 
Fail on E:\LOG\LOG_ME175CG\ME175CG_LOG2013-12-19 send to server 
Fail on E:\LOG\LOG_A91\A91_LOG2013-12-19 send to server 
Fail on E:\LOG\LOG_P92L\P92L_LOG2013-12-19 send to server 
Fail on E:\LOG\LOG_ME372CL\ME372CL_LOG2013-12-19 send to server 
Fail on E:\LOG\LOG_A91_P92L\A91_P92L_LOG2013-12-19 send to server 
Fail on E:\LOG\LOG_A80\A80_LOG2013-12-19 send to server 
Fail on E:\LOG\LOG_A11\A11_LOG2013-12-19 send to server 
Fail on E:\LOG\LOG_A68M\A68M_LOG2013-12-19 send to server 
Fail on E:\LOG\LOG_P101G\P101G_LOG2013-12-19 send to server 
Fail on E:\LOG\LOG_ME302KL\ME302KL_LOG2013-12-19 send to server 
Fail on E:\LOG\LOG_P05\P05_LOG2013-12-19 send to server 
Fail on E:\LOG\LOG_A86\A86_LOG2013-12-19 send to server 
Fail on E:\LOG\LOG_ME302C\ME302C_LOG2013-12-19 send to server 
Fail on E:\LOG\LOG_ME372CG\ME372CG_LOG2013-12-19 send to server 
Fail on E:\LOG\LOG_ME102A\ME102A_LOG2013-12-19 send to server 
Fail on E:\LOG\LOG_ME175KG\ME175KG_LOG2013-12-19 send to server 
Fail on E:\LOG\LOG_ME180A\ME180A_LOG2013-12-19 send to server 
Fail on E:\LOG\LOG_P71L\P71L_LOG2013-12-19 send to server 
Fail on E:\LOG\LOG_ME560CG\ME560CG_LOG2013-12-19 send to server 
Fail on E:\LOG\LOG_ME175CG\ME175CG_LOG2013-12-19 send to server 
Fail on E:\LOG\LOG_A91\A91_LOG2013-12-19 send to server 
Fail on E:\LOG\LOG_P92L\P92L_LOG2013-12-19 send to server 
Fail on E:\LOG\LOG_ME372CL\ME372CL_LOG2013-12-19 send to server 
Fail on E:\LOG\LOG_A91_P92L\A91_P92L_LOG2013-12-19 send to server 
Fail on E:\LOG\LOG_A68M\A68M_LOG2014-02-11 send to server 
Fail on E:\LOG\LOG_P101G\P101G_LOG2014-02-11 send to server 
Fail on E:\LOG\LOG_ME372CG\ME372CG_LOG2014-03-21 send to server 
Fail on E:\LOG\LOG_ME102A\ME102A_LOG2014-03-21 send to server 
